TN:
SF:D:\srccodes\git\achihui\src\polyfills.ts
FNF:0
FNH:0
DA:43,1
DA:44,1
DA:52,1
DA:67,1
LF:4
LH:4
BRF:0
BRH:0
end_of_record
TN:
SF:D:\srccodes\git\achihui\src\test.ts
FNF:0
FNH:0
DA:3,1
DA:4,1
DA:5,1
DA:10,1
DA:11,1
DA:16,1
DA:17,1
DA:18,1
DA:19,1
DA:22,1
DA:27,1
DA:29,1
LF:12
LH:12
BRF:0
BRH:0
end_of_record
TN:
SF:D:\srccodes\git\achihui\src\app\uidepend.module.ts
FN:114,(anonymous_1)
FNF:1
FNH:1
FNDA:218,(anonymous_1)
DA:1,1
DA:2,1
DA:3,1
DA:4,1
DA:5,1
DA:14,1
DA:15,1
DA:16,1
DA:17,1
DA:18,1
DA:114,1
DA:115,1
LF:12
LH:12
BRF:0
BRH:0
end_of_record
TN:
SF:D:\srccodes\git\achihui\src\app\about\about.component.ts
FN:9,(anonymous_2)
FN:13,AboutComponent
FNF:2
FNH:2
FNDA:1,(anonymous_2)
FNDA:2,AboutComponent
DA:1,1
DA:2,1
DA:9,1
DA:14,2
DA:15,2
DA:17,1
LF:6
LH:6
BRF:0
BRH:0
end_of_record
TN:
SF:D:\srccodes\git\achihui\src\app\credits\credits.component.ts
FN:9,(anonymous_2)
FN:41,CreditsComponent
FN:43,(anonymous_4)
FNF:3
FNH:3
FNDA:1,(anonymous_2)
FNDA:2,CreditsComponent
FNDA:58,(anonymous_4)
DA:1,1
DA:2,1
DA:9,1
DA:10,2
DA:43,2
DA:44,58
DA:45,0
DA:46,0
DA:48,0
DA:51,58
DA:52,0
DA:54,58
DA:59,1
LF:13
LH:9
BRDA:44,0,0,0
BRDA:44,0,1,58
BRDA:45,1,0,0
BRDA:45,1,1,0
BRDA:51,2,0,0
BRDA:51,2,1,58
BRF:6
BRH:2
end_of_record
TN:
SF:D:\srccodes\git\achihui\src\app\directives\index.ts
FNF:0
FNH:0
DA:1,1
DA:2,1
DA:3,1
DA:4,1
LF:4
LH:4
BRF:0
BRH:0
end_of_record
TN:
SF:D:\srccodes\git\achihui\src\app\directives\split-area.directive.ts
FN:10,(anonymous_4)
FN:11,SplitAreaDirective
FNF:2
FNH:2
FNDA:1,(anonymous_4)
FNDA:14,SplitAreaDirective
DA:1,1
DA:2,1
DA:10,1
DA:11,14
DA:12,1
LF:5
LH:5
BRF:0
BRH:0
end_of_record
TN:
SF:D:\srccodes\git\achihui\src\app\directives\split-handle.directive.ts
FN:13,(anonymous_4)
FN:16,SplitHandleDirective
FN:21,(anonymous_6)
FN:30,(anonymous_7)
FNF:4
FNH:2
FNDA:1,(anonymous_4)
FNDA:7,SplitHandleDirective
FNDA:0,(anonymous_6)
FNDA:0,(anonymous_7)
DA:1,1
DA:2,1
DA:3,1
DA:4,1
DA:13,1
DA:14,1
DA:19,7
DA:21,7
DA:23,7
DA:25,7
DA:26,7
DA:27,7
DA:30,7
DA:33,1
LF:14
LH:14
BRDA:23,0,0,7
BRDA:23,0,1,0
BRF:2
BRH:1
end_of_record
TN:
SF:D:\srccodes\git\achihui\src\app\directives\split.directive.ts
FN:25,(anonymous_4)
FN:34,SplitDirective
FN:37,(anonymous_6)
FN:39,(anonymous_7)
FN:43,(anonymous_8)
FN:53,(anonymous_9)
FN:56,(anonymous_10)
FN:71,(anonymous_11)
FN:83,(anonymous_12)
FN:84,(anonymous_13)
FNF:10
FNH:4
FNDA:1,(anonymous_4)
FNDA:7,SplitDirective
FNDA:5,(anonymous_6)
FNDA:0,(anonymous_7)
FNDA:7,(anonymous_8)
FNDA:0,(anonymous_9)
FNDA:0,(anonymous_10)
FNDA:0,(anonymous_11)
FNDA:0,(anonymous_12)
FNDA:0,(anonymous_13)
DA:1,1
DA:13,1
DA:16,1
DA:17,1
DA:25,1
DA:29,8
DA:31,1
DA:32,1
DA:34,7
DA:35,7
DA:37,5
DA:38,5
DA:39,5
DA:43,1
DA:44,7
DA:45,5
DA:53,1
DA:54,0
DA:56,0
DA:58,0
DA:59,0
DA:60,0
DA:63,0
DA:71,1
DA:72,0
DA:73,0
DA:75,0
DA:76,0
DA:83,1
DA:84,0
DA:85,0
DA:86,0
DA:87,0
DA:89,0
DA:91,1
LF:35
LH:20
BRDA:38,0,0,5
BRDA:38,0,1,0
BRDA:44,1,0,5
BRDA:44,1,1,2
BRDA:54,2,0,0
BRDA:54,2,1,0
BRDA:59,3,0,0
BRDA:59,3,1,0
BRDA:86,4,0,0
BRDA:86,4,1,0
BRF:10
BRH:3
end_of_record
TN:
SF:D:\srccodes\git\achihui\src\app\directives\tinymce.directive.ts
FN:18,(anonymous_2)
FN:27,(anonymous_3)
FN:31,(anonymous_5)
FN:32,(anonymous_6)
FN:43,(anonymous_7)
FN:48,(anonymous_8)
FN:55,(anonymous_9)
FN:61,(anonymous_10)
FN:79,(anonymous_11)
FN:80,(anonymous_12)
FN:89,(anonymous_13)
FN:97,(anonymous_14)
FN:103,(anonymous_15)
FN:112,(anonymous_16)
FN:116,(anonymous_17)
FN:120,(anonymous_18)
FNF:16
FNH:2
FNDA:218,(anonymous_2)
FNDA:1,(anonymous_3)
FNDA:0,(anonymous_5)
FNDA:0,(anonymous_6)
FNDA:0,(anonymous_7)
FNDA:0,(anonymous_8)
FNDA:0,(anonymous_9)
FNDA:0,(anonymous_10)
FNDA:0,(anonymous_11)
FNDA:0,(anonymous_12)
FNDA:0,(anonymous_13)
FNDA:0,(anonymous_14)
FNDA:0,(anonymous_15)
FNDA:0,(anonymous_16)
FNDA:0,(anonymous_17)
FNDA:0,(anonymous_18)
DA:1,1
DA:9,1
DA:11,1
DA:12,1
DA:16,1
DA:18,218
DA:27,1
DA:28,1
DA:29,1
DA:31,0
DA:32,0
DA:34,0
DA:39,0
DA:43,1
DA:44,0
DA:49,0
DA:50,0
DA:51,0
DA:55,1
DA:56,0
DA:57,0
DA:61,1
DA:62,0
DA:63,0
DA:66,0
DA:67,0
DA:80,0
DA:81,0
DA:82,0
DA:84,0
DA:89,0
DA:91,0
DA:92,0
DA:97,1
DA:98,0
DA:100,0
DA:103,1
DA:104,0
DA:105,0
DA:106,0
DA:107,0
DA:112,1
DA:113,0
DA:116,1
DA:117,0
DA:120,1
DA:121,0
DA:122,0
DA:125,0
DA:126,0
DA:127,0
DA:130,0
DA:131,0
DA:135,1
LF:54
LH:18
BRDA:49,0,0,0
BRDA:49,0,1,0
BRDA:56,1,0,0
BRDA:56,1,1,0
BRDA:62,2,0,0
BRDA:62,2,1,0
BRDA:81,3,0,0
BRDA:81,3,1,0
BRDA:91,4,0,0
BRDA:91,4,1,0
BRDA:92,5,0,0
BRDA:92,5,1,0
BRDA:104,6,0,0
BRDA:104,6,1,0
BRDA:106,7,0,0
BRDA:106,7,1,0
BRDA:106,8,0,0
BRDA:106,8,1,0
BRDA:121,9,0,0
BRDA:121,9,1,0
BRDA:126,10,0,0
BRDA:126,10,1,0
BRDA:130,11,0,0
BRDA:130,11,1,0
BRDA:131,12,0,0
BRDA:131,12,1,0
BRF:26
BRH:0
end_of_record
TN:
SF:D:\srccodes\git\achihui\src\app\event\event.component.ts
FN:16,(anonymous_2)
FN:18,EventComponent
FN:22,(anonymous_4)
FN:28,(anonymous_5)
FN:37,(anonymous_6)
FN:51,(anonymous_7)
FNF:6
FNH:5
FNDA:1,(anonymous_2)
FNDA:1,EventComponent
FNDA:1,(anonymous_4)
FNDA:0,(anonymous_5)
FNDA:1,(anonymous_6)
FNDA:1,(anonymous_7)
DA:1,1
DA:2,1
DA:5,1
DA:6,1
DA:7,1
DA:8,1
DA:16,1
DA:18,1
DA:19,1
DA:22,1
DA:23,1
DA:24,1
DA:26,1
DA:28,1
DA:29,0
DA:30,0
DA:33,0
DA:37,1
DA:38,1
DA:39,1
DA:42,1
DA:43,1
DA:44,1
DA:47,0
DA:51,1
DA:52,1
DA:53,0
DA:54,0
DA:55,1
DA:56,0
DA:57,0
DA:60,1
LF:32
LH:24
BRDA:23,0,0,1
BRDA:23,0,1,0
BRDA:29,1,0,0
BRDA:29,1,1,0
BRDA:38,2,0,1
BRDA:38,2,1,0
BRDA:43,3,0,1
BRDA:43,3,1,0
BRDA:52,4,0,0
BRDA:52,4,1,1
BRDA:55,5,0,0
BRDA:55,5,1,1
BRF:12
BRH:5
end_of_record
TN:
SF:D:\srccodes\git\achihui\src\app\event\category\category.component.ts
FN:8,(anonymous_2)
FN:10,CategoryComponent
FNF:2
FNH:2
FNDA:1,(anonymous_2)
FNDA:1,CategoryComponent
DA:1,1
DA:8,1
DA:13,1
LF:3
LH:3
BRF:0
BRH:0
end_of_record
TN:
SF:D:\srccodes\git\achihui\src\app\event\category-list\category-list.component.ts
FN:16,(anonymous_2)
FN:21,CategoryListComponent
FN:28,(anonymous_4)
FN:40,(anonymous_5)
FNF:4
FNH:4
FNDA:1,(anonymous_2)
FNDA:2,CategoryListComponent
FNDA:2,(anonymous_4)
FNDA:2,(anonymous_5)
DA:1,1
DA:2,1
DA:3,1
DA:4,1
DA:7,1
DA:8,1
DA:9,1
DA:16,1
DA:18,2
DA:19,1
DA:21,2
DA:22,2
DA:23,2
DA:24,2
DA:28,1
DA:29,2
DA:30,2
DA:33,2
DA:40,1
DA:41,2
DA:42,2
DA:44,2
DA:45,2
DA:47,1
LF:24
LH:24
BRDA:23,0,0,2
BRDA:23,0,1,0
BRDA:29,1,0,2
BRDA:29,1,1,0
BRDA:41,2,0,2
BRDA:41,2,1,0
BRF:6
BRH:3
end_of_record
TN:
SF:D:\srccodes\git\achihui\src\app\event\event-detail\event-detail.component.ts
FN:17,(anonymous_2)
FN:33,EventDetailComponent
FN:26,(anonymous_4)
FN:29,(anonymous_5)
FN:46,(anonymous_6)
FN:56,(anonymous_7)
FN:80,(anonymous_8)
FN:83,(anonymous_9)
FN:96,(anonymous_10)
FN:100,(anonymous_11)
FN:105,(anonymous_12)
FN:113,(anonymous_13)
FN:118,(anonymous_14)
FN:126,(anonymous_15)
FN:131,(anonymous_16)
FN:134,(anonymous_17)
FN:139,(anonymous_18)
FN:148,(anonymous_19)
FNF:18
FNH:8
FNDA:1,(anonymous_2)
FNDA:1,EventDetailComponent
FNDA:22,(anonymous_4)
FNDA:4,(anonymous_5)
FNDA:1,(anonymous_6)
FNDA:1,(anonymous_7)
FNDA:0,(anonymous_8)
FNDA:0,(anonymous_9)
FNDA:0,(anonymous_10)
FNDA:0,(anonymous_11)
FNDA:1,(anonymous_12)
FNDA:0,(anonymous_13)
FNDA:0,(anonymous_14)
FNDA:2,(anonymous_15)
FNDA:0,(anonymous_16)
FNDA:0,(anonymous_17)
FNDA:0,(anonymous_18)
FNDA:0,(anonymous_19)
DA:1,1
DA:2,1
DA:3,1
DA:4,1
DA:5,1
DA:8,1
DA:9,1
DA:10,1
DA:17,1
DA:20,1
DA:26,1
DA:27,22
DA:29,1
DA:30,4
DA:33,1
DA:34,1
DA:35,1
DA:36,1
DA:37,1
DA:38,1
DA:39,1
DA:42,1
DA:43,1
DA:46,1
DA:47,1
DA:48,1
DA:51,1
DA:53,1
DA:56,1
DA:57,1
DA:58,1
DA:61,1
DA:62,1
DA:63,1
DA:64,0
DA:65,0
DA:67,0
DA:68,0
DA:69,0
DA:71,0
DA:73,1
DA:75,1
DA:76,0
DA:78,0
DA:81,0
DA:82,0
DA:85,0
DA:86,0
DA:90,0
DA:97,0
DA:98,0
DA:105,1
DA:106,1
DA:107,1
DA:109,1
DA:110,1
DA:113,1
DA:115,0
DA:118,1
DA:119,0
DA:120,0
DA:121,0
DA:122,0
DA:126,1
DA:127,2
DA:128,2
DA:129,2
DA:131,1
DA:132,0
DA:136,0
DA:137,0
DA:138,0
DA:140,0
DA:141,0
DA:144,0
DA:148,1
DA:151,1
LF:77
LH:50
BRDA:38,0,0,1
BRDA:38,0,1,0
BRDA:27,1,0,22
BRDA:27,1,1,0
BRDA:47,2,0,1
BRDA:47,2,1,0
BRDA:57,3,0,1
BRDA:57,3,1,0
BRDA:61,4,0,1
BRDA:61,4,1,0
BRDA:61,5,0,1
BRDA:61,5,1,1
BRDA:62,6,0,1
BRDA:62,6,1,0
BRDA:64,7,0,0
BRDA:64,7,1,0
BRDA:68,8,0,0
BRDA:68,8,1,0
BRDA:75,9,0,0
BRDA:75,9,1,1
BRDA:75,10,0,1
BRDA:75,10,1,1
BRDA:85,11,0,0
BRDA:85,11,1,0
BRDA:97,12,0,0
BRDA:97,12,1,0
BRDA:106,13,0,1
BRDA:106,13,1,0
BRDA:119,14,0,0
BRDA:119,14,1,0
BRDA:121,15,0,0
BRDA:121,15,1,0
BRDA:140,16,0,0
BRDA:140,16,1,0
BRF:34
BRH:12
end_of_record
TN:
SF:D:\srccodes\git\achihui\src\app\event\event-list\event-list.component.ts
FN:18,(anonymous_2)
FN:29,EventListComponent
FN:42,(anonymous_4)
FN:50,(anonymous_5)
FN:56,(anonymous_6)
FN:62,(anonymous_7)
FN:69,(anonymous_8)
FN:76,(anonymous_9)
FN:81,(anonymous_10)
FN:95,(anonymous_11)
FN:103,(anonymous_12)
FN:107,(anonymous_13)
FN:111,(anonymous_14)
FN:114,(anonymous_15)
FN:117,(anonymous_16)
FN:129,(anonymous_17)
FNF:16
FNH:8
FNDA:1,(anonymous_2)
FNDA:1,EventListComponent
FNDA:1,(anonymous_4)
FNDA:1,(anonymous_5)
FNDA:0,(anonymous_6)
FNDA:1,(anonymous_7)
FNDA:1,(anonymous_8)
FNDA:0,(anonymous_9)
FNDA:1,(anonymous_10)
FNDA:1,(anonymous_11)
FNDA:0,(anonymous_12)
FNDA:0,(anonymous_13)
FNDA:0,(anonymous_14)
FNDA:0,(anonymous_15)
FNDA:0,(anonymous_16)
FNDA:0,(anonymous_17)
DA:1,1
DA:2,1
DA:3,1
DA:6,1
DA:7,1
DA:8,1
DA:9,1
DA:10,1
DA:18,1
DA:20,1
DA:21,1
DA:23,1
DA:24,1
DA:25,1
DA:29,1
DA:30,1
DA:31,1
DA:32,1
DA:34,1
DA:35,1
DA:38,1
DA:39,1
DA:42,1
DA:43,1
DA:44,1
DA:47,1
DA:50,1
DA:51,1
DA:52,1
DA:56,1
DA:58,1
DA:63,1
DA:64,1
DA:71,1
DA:72,1
DA:74,1
DA:77,0
DA:79,0
DA:82,1
DA:83,1
DA:84,0
DA:85,0
DA:86,0
DA:88,0
DA:92,1
DA:95,1
DA:96,1
DA:97,1
DA:99,1
DA:100,1
DA:103,1
DA:104,0
DA:107,1
DA:108,0
DA:111,1
DA:112,0
DA:116,0
DA:118,0
DA:119,0
DA:123,0
DA:129,1
DA:130,0
DA:133,0
DA:135,1
LF:64
LH:49
BRDA:34,0,0,1
BRDA:34,0,1,0
BRDA:43,1,0,1
BRDA:43,1,1,0
BRDA:51,2,0,1
BRDA:51,2,1,0
BRDA:66,3,0,0
BRDA:66,3,1,1
BRDA:83,4,0,0
BRDA:83,4,1,1
BRDA:83,5,0,1
BRDA:83,5,1,0
BRDA:96,6,0,1
BRDA:96,6,1,0
BRDA:118,7,0,0
BRDA:118,7,1,0
BRF:16
BRH:7
end_of_record
TN:
SF:D:\srccodes\git\achihui\src\app\event\general-event\general-event.component.ts
FN:8,(anonymous_2)
FN:10,GeneralEventComponent
FN:14,(anonymous_4)
FNF:3
FNH:3
FNDA:1,(anonymous_2)
FNDA:1,GeneralEventComponent
FNDA:1,(anonymous_4)
DA:1,1
DA:8,1
DA:14,1
DA:17,1
LF:4
LH:4
BRF:0
BRH:0
end_of_record
TN:
SF:D:\srccodes\git\achihui\src\app\event\habit\habit.component.ts
FN:8,(anonymous_2)
FN:10,HabitComponent
FN:14,(anonymous_4)
FNF:3
FNH:3
FNDA:1,(anonymous_2)
FNDA:1,HabitComponent
FNDA:1,(anonymous_4)
DA:1,1
DA:8,1
DA:14,1
DA:17,1
LF:4
LH:4
BRF:0
BRH:0
end_of_record
TN:
SF:D:\srccodes\git\achihui\src\app\event\habit-detail\habit-detail.component.ts
FN:19,(anonymous_2)
FN:40,HabitDetailComponent
FN:33,(anonymous_4)
FN:36,(anonymous_5)
FN:53,(anonymous_6)
FN:61,(anonymous_7)
FN:85,(anonymous_8)
FN:90,(anonymous_9)
FN:101,(anonymous_10)
FN:108,(anonymous_11)
FN:113,(anonymous_12)
FN:121,(anonymous_13)
FN:126,(anonymous_14)
FN:129,(anonymous_15)
FN:144,(anonymous_16)
FN:155,(anonymous_17)
FN:163,(anonymous_18)
FN:168,(anonymous_19)
FN:171,(anonymous_20)
FN:176,(anonymous_21)
FN:186,(anonymous_22)
FNF:21
FNH:8
FNDA:1,(anonymous_2)
FNDA:1,HabitDetailComponent
FNDA:30,(anonymous_4)
FNDA:2,(anonymous_5)
FNDA:1,(anonymous_6)
FNDA:1,(anonymous_7)
FNDA:0,(anonymous_8)
FNDA:0,(anonymous_9)
FNDA:0,(anonymous_10)
FNDA:0,(anonymous_11)
FNDA:1,(anonymous_12)
FNDA:0,(anonymous_13)
FNDA:0,(anonymous_14)
FNDA:0,(anonymous_15)
FNDA:0,(anonymous_16)
FNDA:0,(anonymous_17)
FNDA:2,(anonymous_18)
FNDA:0,(anonymous_19)
FNDA:0,(anonymous_20)
FNDA:0,(anonymous_21)
FNDA:0,(anonymous_22)
DA:1,1
DA:3,1
DA:5,1
DA:6,1
DA:7,1
DA:9,1
DA:10,1
DA:11,1
DA:12,1
DA:19,1
DA:21,1
DA:27,1
DA:28,1
DA:29,1
DA:30,1
DA:31,1
DA:33,1
DA:34,30
DA:36,1
DA:37,2
DA:40,1
DA:41,1
DA:42,1
DA:43,1
DA:44,1
DA:45,1
DA:46,1
DA:49,1
DA:50,1
DA:53,1
DA:54,1
DA:55,1
DA:58,1
DA:61,1
DA:62,1
DA:63,1
DA:66,1
DA:67,1
DA:68,1
DA:69,0
DA:70,0
DA:72,0
DA:73,0
DA:74,0
DA:76,0
DA:78,1
DA:80,1
DA:81,0
DA:83,0
DA:86,0
DA:87,0
DA:88,0
DA:89,0
DA:91,0
DA:92,0
DA:95,0
DA:102,0
DA:103,0
DA:105,0
DA:113,1
DA:114,1
DA:115,1
DA:117,1
DA:118,1
DA:121,1
DA:123,0
DA:126,1
DA:127,0
DA:131,0
DA:132,0
DA:133,0
DA:134,0
DA:135,0
DA:136,0
DA:137,0
DA:138,0
DA:141,0
DA:143,0
DA:145,0
DA:146,0
DA:149,0
DA:155,1
DA:156,0
DA:157,0
DA:158,0
DA:159,0
DA:163,1
DA:164,2
DA:165,2
DA:166,2
DA:168,1
DA:169,0
DA:173,0
DA:174,0
DA:175,0
DA:177,0
DA:178,0
DA:181,0
DA:186,1
DA:189,1
LF:100
LH:56
BRDA:45,0,0,1
BRDA:45,0,1,0
BRDA:34,1,0,30
BRDA:34,1,1,0
BRDA:54,2,0,1
BRDA:54,2,1,0
BRDA:62,3,0,1
BRDA:62,3,1,0
BRDA:66,4,0,1
BRDA:66,4,1,0
BRDA:66,5,0,1
BRDA:66,5,1,1
BRDA:67,6,0,1
BRDA:67,6,1,0
BRDA:69,7,0,0
BRDA:69,7,1,0
BRDA:73,8,0,0
BRDA:73,8,1,0
BRDA:80,9,0,0
BRDA:80,9,1,1
BRDA:80,10,0,1
BRDA:80,10,1,1
BRDA:91,11,0,0
BRDA:91,11,1,0
BRDA:102,12,0,0
BRDA:102,12,1,0
BRDA:114,13,0,1
BRDA:114,13,1,0
BRDA:131,14,0,0
BRDA:131,14,1,0
BRDA:131,15,0,0
BRDA:131,15,1,0
BRDA:145,16,0,0
BRDA:145,16,1,0
BRDA:156,17,0,0
BRDA:156,17,1,0
BRDA:158,18,0,0
BRDA:158,18,1,0
BRDA:177,19,0,0
BRDA:177,19,1,0
BRF:40
BRH:12
end_of_record
TN:
SF:D:\srccodes\git\achihui\src\app\event\habit-list\habit-list.component.ts
FN:18,(anonymous_2)
FN:30,HabitListComponent
FN:44,(anonymous_4)
FN:52,(anonymous_5)
FN:64,(anonymous_6)
FN:72,(anonymous_7)
FN:76,(anonymous_8)
FN:81,(anonymous_9)
FN:97,(anonymous_10)
FN:99,(anonymous_11)
FN:110,(anonymous_12)
FN:114,(anonymous_13)
FN:119,(anonymous_14)
FN:123,(anonymous_15)
FN:139,(anonymous_16)
FN:144,(anonymous_17)
FN:148,(anonymous_18)
FN:155,(anonymous_19)
FN:158,(anonymous_20)
FNF:19
FNH:9
FNDA:1,(anonymous_2)
FNDA:1,HabitListComponent
FNDA:1,(anonymous_4)
FNDA:1,(anonymous_5)
FNDA:1,(anonymous_6)
FNDA:0,(anonymous_7)
FNDA:0,(anonymous_8)
FNDA:0,(anonymous_9)
FNDA:0,(anonymous_10)
FNDA:0,(anonymous_11)
FNDA:0,(anonymous_12)
FNDA:1,(anonymous_13)
FNDA:1,(anonymous_14)
FNDA:1,(anonymous_15)
FNDA:0,(anonymous_16)
FNDA:1,(anonymous_17)
FNDA:0,(anonymous_18)
FNDA:0,(anonymous_19)
FNDA:0,(anonymous_20)
DA:1,1
DA:2,1
DA:3,1
DA:4,1
DA:5,1
DA:6,1
DA:7,1
DA:8,1
DA:9,1
DA:10,1
DA:18,1
DA:21,1
DA:25,1
DA:26,1
DA:30,1
DA:31,1
DA:32,1
DA:33,1
DA:34,1
DA:36,1
DA:37,1
DA:40,1
DA:41,1
DA:44,1
DA:45,1
DA:46,1
DA:49,1
DA:52,1
DA:53,1
DA:54,1
DA:57,1
DA:58,1
DA:60,1
DA:61,1
DA:64,1
DA:65,1
DA:66,1
DA:68,1
DA:69,1
DA:72,1
DA:73,0
DA:76,1
DA:78,0
DA:81,1
DA:85,0
DA:86,0
DA:88,0
DA:89,0
DA:90,0
DA:91,0
DA:92,0
DA:95,0
DA:100,0
DA:101,0
DA:103,0
DA:110,1
DA:111,0
DA:114,1
DA:115,1
DA:120,1
DA:121,1
DA:125,1
DA:127,1
DA:128,1
DA:129,0
DA:130,0
DA:131,0
DA:133,0
DA:137,1
DA:140,0
DA:142,0
DA:144,1
DA:148,1
DA:149,0
DA:150,0
DA:151,0
DA:155,1
DA:156,0
DA:158,0
DA:160,1
LF:80
LH:55
BRDA:36,0,0,1
BRDA:36,0,1,0
BRDA:45,1,0,1
BRDA:45,1,1,0
BRDA:53,2,0,1
BRDA:53,2,1,0
BRDA:65,3,0,1
BRDA:65,3,1,0
BRDA:100,4,0,0
BRDA:100,4,1,0
BRDA:128,5,0,0
BRDA:128,5,1,1
BRDA:128,6,0,1
BRDA:128,6,1,1
BRDA:128,6,2,0
BRDA:157,7,0,0
BRDA:157,7,1,0
BRF:17
BRH:7
end_of_record
TN:
SF:D:\srccodes\git\achihui\src\app\event\overview\overview.component.ts
FN:18,(anonymous_2)
FN:25,OverviewComponent
FN:38,(anonymous_4)
FN:46,(anonymous_5)
FN:67,(anonymous_6)
FN:72,(anonymous_7)
FN:98,(anonymous_8)
FN:103,(anonymous_9)
FN:127,(anonymous_10)
FN:146,(anonymous_11)
FN:154,(anonymous_12)
FN:160,(anonymous_13)
FNF:12
FNH:9
FNDA:1,(anonymous_2)
FNDA:1,OverviewComponent
FNDA:1,(anonymous_4)
FNDA:1,(anonymous_5)
FNDA:1,(anonymous_6)
FNDA:1,(anonymous_7)
FNDA:1,(anonymous_8)
FNDA:1,(anonymous_9)
FNDA:0,(anonymous_10)
FNDA:1,(anonymous_11)
FNDA:0,(anonymous_12)
FNDA:0,(anonymous_13)
DA:1,1
DA:2,1
DA:3,1
DA:6,1
DA:7,1
DA:8,1
DA:9,1
DA:10,1
DA:11,1
DA:18,1
DA:20,1
DA:22,1
DA:25,1
DA:26,1
DA:27,1
DA:29,1
DA:30,0
DA:32,1
DA:35,1
DA:38,1
DA:39,1
DA:40,1
DA:43,1
DA:46,1
DA:47,1
DA:48,1
DA:51,1
DA:52,1
DA:68,1
DA:69,1
DA:70,1
DA:73,1
DA:74,1
DA:75,0
DA:76,0
DA:77,0
DA:79,0
DA:90,0
DA:93,1
DA:99,1
DA:100,1
DA:101,1
DA:104,1
DA:105,1
DA:106,1
DA:107,0
DA:108,0
DA:110,0
DA:120,0
DA:123,1
DA:128,0
DA:129,0
DA:133,0
DA:135,0
DA:136,0
DA:138,0
DA:144,1
DA:146,1
DA:147,1
DA:148,1
DA:150,1
DA:151,1
DA:154,1
DA:155,0
DA:156,0
DA:158,0
DA:160,1
DA:161,0
DA:162,0
DA:164,0
DA:166,1
LF:71
LH:49
BRDA:29,0,0,0
BRDA:29,0,1,1
BRDA:39,1,0,1
BRDA:39,1,1,0
BRDA:47,2,0,1
BRDA:47,2,1,0
BRDA:74,3,0,0
BRDA:74,3,1,1
BRDA:74,4,0,1
BRDA:74,4,1,1
BRDA:74,4,2,0
BRDA:105,5,0,1
BRDA:105,5,1,0
BRDA:105,6,0,1
BRDA:105,6,1,1
BRDA:128,7,0,0
BRDA:128,7,1,0
BRDA:133,8,0,0
BRDA:133,8,1,0
BRDA:136,9,0,0
BRDA:136,9,1,0
BRDA:147,10,0,1
BRDA:147,10,1,0
BRDA:155,11,0,0
BRDA:155,11,1,0
BRDA:161,12,0,0
BRDA:161,12,1,0
BRF:27
BRH:10
end_of_record
TN:
SF:D:\srccodes\git\achihui\src\app\event\recurr-event\recurr-event.component.ts
FN:10,(anonymous_2)
FN:12,RecurrEventComponent
FN:16,(anonymous_4)
FNF:3
FNH:3
FNDA:1,(anonymous_2)
FNDA:1,RecurrEventComponent
FNDA:1,(anonymous_4)
DA:1,1
DA:10,1
DA:16,1
DA:19,1
LF:4
LH:4
BRF:0
BRH:0
end_of_record
TN:
SF:D:\srccodes\git\achihui\src\app\event\recurr-event-detail\recurr-event-detail.component.ts
FN:16,(anonymous_2)
FN:32,RecurrEventDetailComponent
FN:28,(anonymous_4)
FN:45,(anonymous_5)
FN:54,(anonymous_6)
FN:78,(anonymous_7)
FN:83,(anonymous_8)
FN:94,(anonymous_9)
FN:102,(anonymous_10)
FN:107,(anonymous_11)
FN:115,(anonymous_12)
FN:120,(anonymous_13)
FN:123,(anonymous_14)
FN:126,(anonymous_15)
FN:137,(anonymous_16)
FN:145,(anonymous_17)
FN:150,(anonymous_18)
FN:153,(anonymous_19)
FN:156,(anonymous_20)
FN:166,(anonymous_21)
FNF:20
FNH:7
FNDA:1,(anonymous_2)
FNDA:1,RecurrEventDetailComponent
FNDA:24,(anonymous_4)
FNDA:1,(anonymous_5)
FNDA:1,(anonymous_6)
FNDA:0,(anonymous_7)
FNDA:0,(anonymous_8)
FNDA:0,(anonymous_9)
FNDA:0,(anonymous_10)
FNDA:1,(anonymous_11)
FNDA:0,(anonymous_12)
FNDA:0,(anonymous_13)
FNDA:0,(anonymous_14)
FNDA:0,(anonymous_15)
FNDA:0,(anonymous_16)
FNDA:2,(anonymous_17)
FNDA:0,(anonymous_18)
FNDA:0,(anonymous_19)
FNDA:0,(anonymous_20)
FNDA:0,(anonymous_21)
DA:1,1
DA:2,1
DA:3,1
DA:4,1
DA:5,1
DA:6,1
DA:7,1
DA:8,1
DA:16,1
DA:18,1
DA:24,1
DA:25,1
DA:26,1
DA:28,1
DA:29,24
DA:32,1
DA:33,1
DA:34,1
DA:35,1
DA:36,1
DA:37,1
DA:38,1
DA:41,1
DA:42,1
DA:45,1
DA:46,1
DA:47,1
DA:50,1
DA:52,1
DA:54,1
DA:55,1
DA:56,1
DA:59,1
DA:60,1
DA:61,1
DA:62,0
DA:63,0
DA:65,0
DA:66,0
DA:67,0
DA:69,0
DA:71,1
DA:73,1
DA:74,0
DA:76,0
DA:79,0
DA:80,0
DA:82,0
DA:84,0
DA:85,0
DA:88,0
DA:95,0
DA:96,0
DA:99,0
DA:107,1
DA:108,1
DA:109,1
DA:111,1
DA:112,1
DA:115,1
DA:117,0
DA:120,1
DA:121,0
DA:125,0
DA:127,0
DA:128,0
DA:131,0
DA:137,1
DA:138,0
DA:139,0
DA:140,0
DA:141,0
DA:145,1
DA:146,2
DA:147,2
DA:148,2
DA:150,1
DA:151,0
DA:155,0
DA:157,0
DA:158,0
DA:161,0
DA:166,1
DA:169,1
LF:84
LH:52
BRDA:37,0,0,1
BRDA:37,0,1,0
BRDA:29,1,0,24
BRDA:29,1,1,0
BRDA:46,2,0,1
BRDA:46,2,1,0
BRDA:55,3,0,1
BRDA:55,3,1,0
BRDA:59,4,0,1
BRDA:59,4,1,0
BRDA:59,5,0,1
BRDA:59,5,1,1
BRDA:60,6,0,1
BRDA:60,6,1,0
BRDA:62,7,0,0
BRDA:62,7,1,0
BRDA:66,8,0,0
BRDA:66,8,1,0
BRDA:73,9,0,0
BRDA:73,9,1,1
BRDA:73,10,0,1
BRDA:73,10,1,1
BRDA:84,11,0,0
BRDA:84,11,1,0
BRDA:95,12,0,0
BRDA:95,12,1,0
BRDA:108,13,0,1
BRDA:108,13,1,0
BRDA:127,14,0,0
BRDA:127,14,1,0
BRDA:138,15,0,0
BRDA:138,15,1,0
BRDA:140,16,0,0
BRDA:140,16,1,0
BRDA:157,17,0,0
BRDA:157,17,1,0
BRF:36
BRH:12
end_of_record
TN:
SF:D:\srccodes\git\achihui\src\app\event\recurr-event-list\recurr-event-list.component.ts
FN:16,(anonymous_2)
FN:26,RecurrEventListComponent
FN:39,(anonymous_4)
FN:47,(anonymous_5)
FN:59,(anonymous_6)
FN:67,(anonymous_7)
FN:70,(anonymous_8)
FN:73,(anonymous_9)
FN:82,(anonymous_10)
FN:93,(anonymous_11)
FN:98,(anonymous_12)
FN:102,(anonymous_13)
FN:107,(anonymous_14)
FN:111,(anonymous_15)
FN:127,(anonymous_16)
FN:132,(anonymous_17)
FN:135,(anonymous_18)
FN:138,(anonymous_19)
FN:141,(anonymous_20)
FNF:19
FNH:9
FNDA:1,(anonymous_2)
FNDA:1,RecurrEventListComponent
FNDA:1,(anonymous_4)
FNDA:1,(anonymous_5)
FNDA:1,(anonymous_6)
FNDA:0,(anonymous_7)
FNDA:0,(anonymous_8)
FNDA:0,(anonymous_9)
FNDA:0,(anonymous_10)
FNDA:0,(anonymous_11)
FNDA:0,(anonymous_12)
FNDA:1,(anonymous_13)
FNDA:1,(anonymous_14)
FNDA:1,(anonymous_15)
FNDA:0,(anonymous_16)
FNDA:1,(anonymous_17)
FNDA:0,(anonymous_18)
FNDA:0,(anonymous_19)
FNDA:0,(anonymous_20)
DA:1,1
DA:2,1
DA:4,1
DA:5,1
DA:6,1
DA:7,1
DA:8,1
DA:9,1
DA:16,1
DA:18,1
DA:21,1
DA:22,1
DA:26,1
DA:27,1
DA:28,1
DA:29,1
DA:30,1
DA:32,1
DA:33,1
DA:36,1
DA:39,1
DA:40,1
DA:41,1
DA:44,1
DA:47,1
DA:48,1
DA:49,1
DA:52,1
DA:53,1
DA:55,1
DA:56,1
DA:59,1
DA:60,1
DA:61,1
DA:63,1
DA:64,1
DA:67,1
DA:68,0
DA:70,1
DA:71,0
DA:74,0
DA:76,0
DA:83,0
DA:84,0
DA:87,0
DA:93,1
DA:95,0
DA:98,1
DA:99,0
DA:102,1
DA:103,1
DA:108,1
DA:109,1
DA:113,1
DA:115,1
DA:116,1
DA:117,0
DA:118,0
DA:119,0
DA:121,0
DA:125,1
DA:128,0
DA:130,0
DA:132,1
DA:135,1
DA:136,0
DA:140,0
DA:142,0
DA:143,0
DA:146,0
DA:151,1
LF:71
LH:51
BRDA:32,0,0,1
BRDA:32,0,1,0
BRDA:40,1,0,1
BRDA:40,1,1,0
BRDA:48,2,0,1
BRDA:48,2,1,0
BRDA:60,3,0,1
BRDA:60,3,1,0
BRDA:74,4,0,0
BRDA:74,4,1,0
BRDA:83,5,0,0
BRDA:83,5,1,0
BRDA:116,6,0,0
BRDA:116,6,1,1
BRDA:116,7,0,1
BRDA:116,7,1,1
BRDA:116,7,2,0
BRDA:142,8,0,0
BRDA:142,8,1,0
BRF:19
BRH:7
end_of_record
TN:
SF:D:\srccodes\git\achihui\src\app\finance-currency\finance-currency.component.ts
FN:16,(anonymous_2)
FN:23,FinanceCurrencyComponent
FN:30,(anonymous_4)
FN:36,(anonymous_5)
FN:42,(anonymous_6)
FN:52,(anonymous_7)
FN:58,(anonymous_8)
FNF:7
FNH:7
FNDA:1,(anonymous_2)
FNDA:6,FinanceCurrencyComponent
FNDA:5,(anonymous_4)
FNDA:4,(anonymous_5)
FNDA:1,(anonymous_6)
FNDA:5,(anonymous_7)
FNDA:6,(anonymous_8)
DA:1,1
DA:2,1
DA:4,1
DA:5,1
DA:7,1
DA:8,1
DA:9,1
DA:16,1
DA:19,6
DA:20,6
DA:21,1
DA:23,6
DA:24,6
DA:25,6
DA:26,6
DA:30,5
DA:31,5
DA:32,5
DA:34,5
DA:36,5
DA:38,4
DA:39,4
DA:40,4
DA:43,1
DA:44,1
DA:46,1
DA:52,1
DA:53,5
DA:54,5
DA:58,1
DA:59,6
DA:60,6
DA:63,6
DA:64,5
DA:65,5
DA:68,1
LF:36
LH:36
BRDA:25,0,0,6
BRDA:25,0,1,0
BRDA:31,1,0,5
BRDA:31,1,1,0
BRDA:38,2,0,4
BRDA:38,2,1,0
BRDA:43,3,0,1
BRDA:43,3,1,0
BRDA:53,4,0,5
BRDA:53,4,1,0
BRDA:59,5,0,6
BRDA:59,5,1,0
BRDA:63,6,0,5
BRDA:63,6,1,1
BRF:14
BRH:8
end_of_record
TN:
SF:D:\srccodes\git\achihui\src\app\finance\account\account.component.ts
FN:10,(anonymous_2)
FN:13,AccountComponent
FN:17,(anonymous_4)
FNF:3
FNH:3
FNDA:1,(anonymous_2)
FNDA:1,AccountComponent
FNDA:1,(anonymous_4)
DA:1,1
DA:2,1
DA:10,1
DA:11,2
DA:17,1
DA:20,1
LF:6
LH:6
BRF:0
BRH:0
end_of_record
TN:
SF:D:\srccodes\git\achihui\src\app\finance\account-detail\account-detail.component.ts
FN:31,(anonymous_2)
FN:84,AccountDetailComponent
FN:51,(anonymous_4)
FN:54,(anonymous_5)
FN:57,(anonymous_6)
FN:60,(anonymous_7)
FN:67,(anonymous_8)
FN:75,(anonymous_9)
FN:99,(anonymous_10)
FN:111,(anonymous_11)
FN:113,(anonymous_12)
FN:136,(anonymous_13)
FN:167,(anonymous_14)
FN:175,(anonymous_15)
FN:181,(anonymous_16)
FN:188,(anonymous_17)
FN:194,(anonymous_18)
FN:200,(anonymous_19)
FN:206,(anonymous_20)
FN:218,(anonymous_21)
FN:222,(anonymous_22)
FN:226,(anonymous_23)
FN:230,(anonymous_24)
FN:246,(anonymous_25)
FN:250,(anonymous_26)
FN:258,(anonymous_27)
FN:269,(anonymous_28)
FN:271,(anonymous_29)
FN:275,(anonymous_30)
FN:284,(anonymous_31)
FN:289,(anonymous_32)
FN:297,(anonymous_33)
FN:303,(anonymous_34)
FN:312,(anonymous_35)
FN:324,(anonymous_36)
FN:331,(anonymous_37)
FN:337,(anonymous_38)
FN:349,(anonymous_39)
FN:358,(anonymous_40)
FN:362,(anonymous_41)
FN:375,(anonymous_42)
FN:380,(anonymous_43)
FN:396,(anonymous_44)
FNF:43
FNH:15
FNDA:1,(anonymous_2)
FNDA:1,AccountDetailComponent
FNDA:14,(anonymous_4)
FNDA:0,(anonymous_5)
FNDA:2,(anonymous_6)
FNDA:4,(anonymous_7)
FNDA:4,(anonymous_8)
FNDA:4,(anonymous_9)
FNDA:1,(anonymous_10)
FNDA:1,(anonymous_11)
FNDA:1,(anonymous_12)
FNDA:0,(anonymous_13)
FNDA:0,(anonymous_14)
FNDA:0,(anonymous_15)
FNDA:1,(anonymous_16)
FNDA:0,(anonymous_17)
FNDA:0,(anonymous_18)
FNDA:0,(anonymous_19)
FNDA:1,(anonymous_20)
FNDA:1,(anonymous_21)
FNDA:0,(anonymous_22)
FNDA:0,(anonymous_23)
FNDA:0,(anonymous_24)
FNDA:2,(anonymous_25)
FNDA:0,(anonymous_26)
FNDA:0,(anonymous_27)
FNDA:0,(anonymous_28)
FNDA:0,(anonymous_29)
FNDA:0,(anonymous_30)
FNDA:0,(anonymous_31)
FNDA:0,(anonymous_32)
FNDA:1,(anonymous_33)
FNDA:0,(anonymous_34)
FNDA:0,(anonymous_35)
FNDA:0,(anonymous_36)
FNDA:0,(anonymous_37)
FNDA:0,(anonymous_38)
FNDA:0,(anonymous_39)
FNDA:0,(anonymous_40)
FNDA:0,(anonymous_41)
FNDA:0,(anonymous_42)
FNDA:0,(anonymous_43)
FNDA:0,(anonymous_44)
DA:1,1
DA:6,1
DA:7,1
DA:8,1
DA:9,1
DA:11,1
DA:12,1
DA:20,1
DA:21,1
DA:22,1
DA:23,1
DA:24,1
DA:31,1
DA:35,1
DA:41,1
DA:42,1
DA:43,1
DA:44,1
DA:47,1
DA:48,1
DA:49,1
DA:51,1
DA:52,14
DA:54,1
DA:55,0
DA:57,1
DA:58,2
DA:60,1
DA:61,4
DA:62,0
DA:65,4
DA:67,1
DA:68,4
DA:70,0
DA:73,4
DA:75,1
DA:76,4
DA:78,0
DA:81,4
DA:84,1
DA:85,1
DA:86,1
DA:87,1
DA:88,1
DA:89,1
DA:90,1
DA:91,1
DA:92,1
DA:94,1
DA:96,1
DA:99,1
DA:100,1
DA:101,1
DA:104,1
DA:106,1
DA:113,1
DA:114,1
DA:115,1
DA:118,1
DA:119,1
DA:120,1
DA:121,0
DA:122,0
DA:124,0
DA:125,0
DA:126,0
DA:128,0
DA:130,1
DA:132,1
DA:133,0
DA:134,0
DA:137,0
DA:138,0
DA:139,0
DA:141,0
DA:152,0
DA:153,0
DA:156,0
DA:159,0
DA:164,0
DA:168,0
DA:169,0
DA:172,0
DA:181,1
DA:182,1
DA:183,1
DA:186,1
DA:190,0
DA:192,1
DA:196,0
DA:198,1
DA:202,0
DA:206,1
DA:207,1
DA:208,1
DA:210,1
DA:211,0
DA:213,1
DA:214,0
DA:218,1
DA:219,1
DA:222,1
DA:223,0
DA:226,1
DA:227,0
DA:230,1
DA:231,0
DA:232,0
DA:238,0
DA:241,0
DA:244,0
DA:246,1
DA:247,2
DA:250,1
DA:251,0
DA:253,0
DA:255,0
DA:258,1
DA:259,0
DA:260,0
DA:261,0
DA:262,0
DA:263,0
DA:264,0
DA:265,0
DA:269,1
DA:271,0
DA:274,0
DA:276,0
DA:277,0
DA:281,0
DA:289,1
DA:290,0
DA:291,0
DA:292,0
DA:293,0
DA:297,1
DA:298,1
DA:299,1
DA:300,1
DA:303,1
DA:304,0
DA:305,0
DA:306,0
DA:310,0
DA:313,0
DA:314,0
DA:318,0
DA:323,0
DA:324,0
DA:325,0
DA:327,0
DA:328,0
DA:331,0
DA:333,0
DA:334,0
DA:339,0
DA:345,0
DA:351,0
DA:352,0
DA:358,1
DA:359,0
DA:360,0
DA:363,0
DA:364,0
DA:368,0
DA:370,0
DA:375,0
DA:376,0
DA:377,0
DA:380,0
DA:382,0
DA:386,0
DA:392,0
DA:398,0
DA:399,0
DA:406,0
DA:408,0
DA:409,0
DA:412,0
DA:414,0
DA:415,0
DA:418,0
DA:419,0
DA:420,0
DA:424,0
DA:426,1
LF:187
LH:88
BRDA:91,0,0,1
BRDA:91,0,1,0
BRDA:52,1,0,14
BRDA:52,1,1,0
BRDA:61,2,0,0
BRDA:61,2,1,4
BRDA:61,3,0,4
BRDA:61,3,1,4
BRDA:68,4,0,0
BRDA:68,4,1,4
BRDA:68,5,0,4
BRDA:68,5,1,4
BRDA:68,5,2,4
BRDA:76,6,0,0
BRDA:76,6,1,4
BRDA:76,7,0,4
BRDA:76,7,1,4
BRDA:76,7,2,4
BRDA:100,8,0,1
BRDA:100,8,1,0
BRDA:114,9,0,1
BRDA:114,9,1,0
BRDA:118,10,0,1
BRDA:118,10,1,0
BRDA:118,11,0,1
BRDA:118,11,1,1
BRDA:119,12,0,1
BRDA:119,12,1,0
BRDA:121,13,0,0
BRDA:121,13,1,0
BRDA:125,14,0,0
BRDA:125,14,1,0
BRDA:132,15,0,0
BRDA:132,15,1,1
BRDA:132,16,0,1
BRDA:132,16,1,1
BRDA:133,17,0,0
BRDA:133,17,1,0
BRDA:137,18,0,0
BRDA:137,18,1,0
BRDA:138,19,0,0
BRDA:138,19,1,0
BRDA:152,20,0,0
BRDA:152,20,1,0
BRDA:168,21,0,0
BRDA:168,21,1,0
BRDA:182,22,0,1
BRDA:182,22,1,0
BRDA:210,23,0,0
BRDA:210,23,1,1
BRDA:213,24,0,0
BRDA:213,24,1,1
BRDA:231,25,0,0
BRDA:231,25,1,0
BRDA:232,26,0,0
BRDA:232,26,1,0
BRDA:232,27,0,0
BRDA:232,27,1,0
BRDA:232,27,2,0
BRDA:232,27,3,0
BRDA:232,27,4,0
BRDA:232,27,5,0
BRDA:251,28,0,0
BRDA:251,28,1,0
BRDA:251,29,0,0
BRDA:251,29,1,0
BRDA:260,30,0,0
BRDA:260,30,1,0
BRDA:262,31,0,0
BRDA:262,31,1,0
BRDA:262,32,0,0
BRDA:262,32,1,0
BRDA:264,33,0,0
BRDA:264,33,1,0
BRDA:264,34,0,0
BRDA:264,34,1,0
BRDA:276,35,0,0
BRDA:276,35,1,0
BRDA:290,36,0,0
BRDA:290,36,1,0
BRDA:292,37,0,0
BRDA:292,37,1,0
BRDA:304,38,0,0
BRDA:304,38,1,0
BRDA:305,39,0,0
BRDA:305,39,1,0
BRDA:313,40,0,0
BRDA:313,40,1,0
BRDA:333,41,0,0
BRDA:333,41,1,0
BRDA:351,42,0,0
BRDA:351,42,1,0
BRDA:359,43,0,0
BRDA:359,43,1,0
BRDA:363,44,0,0
BRDA:363,44,1,0
BRDA:368,45,0,0
BRDA:368,45,1,0
BRDA:398,46,0,0
BRDA:398,46,1,0
BRDA:406,47,0,0
BRDA:406,47,1,0
BRDA:406,48,0,0
BRDA:406,48,1,0
BRDA:408,49,0,0
BRDA:408,49,1,0
BRDA:412,50,0,0
BRDA:412,50,1,0
BRDA:412,51,0,0
BRDA:412,51,1,0
BRDA:414,52,0,0
BRDA:414,52,1,0
BRDA:418,53,0,0
BRDA:418,53,1,0
BRDA:419,54,0,0
BRDA:419,54,1,0
BRF:116
BRH:25
end_of_record
TN:
SF:D:\srccodes\git\achihui\src\app\finance\account-ext-adp\account-ext-adp.component.ts
FN:18,(anonymous_2)
FN:59,AccountExtADPComponent
FN:33,(anonymous_4)
FN:27,(anonymous_5)
FN:40,(anonymous_6)
FN:43,(anonymous_7)
FN:46,(anonymous_8)
FN:68,(anonymous_9)
FN:78,(anonymous_10)
FN:89,(anonymous_11)
FN:104,(anonymous_12)
FN:118,(anonymous_13)
FN:129,(anonymous_14)
FN:132,(anonymous_15)
FNF:14
FNH:11
FNDA:1,(anonymous_2)
FNDA:5,AccountExtADPComponent
FNDA:110,(anonymous_4)
FNDA:0,(anonymous_5)
FNDA:303,(anonymous_6)
FNDA:0,(anonymous_7)
FNDA:4,(anonymous_8)
FNDA:4,(anonymous_9)
FNDA:5,(anonymous_10)
FNDA:2,(anonymous_11)
FNDA:1,(anonymous_12)
FNDA:1,(anonymous_13)
FNDA:0,(anonymous_14)
FNDA:1,(anonymous_15)
DA:1,1
DA:2,1
DA:3,1
DA:7,1
DA:8,1
DA:10,1
DA:11,1
DA:18,1
DA:22,5
DA:23,5
DA:24,5
DA:27,2
DA:28,0
DA:29,0
DA:31,0
DA:34,110
DA:36,1
DA:37,1
DA:38,1
DA:40,1
DA:41,303
DA:43,1
DA:44,0
DA:46,1
DA:47,4
DA:48,0
DA:50,4
DA:51,1
DA:53,3
DA:54,0
DA:56,3
DA:59,5
DA:60,5
DA:61,5
DA:62,5
DA:63,5
DA:65,5
DA:68,1
DA:69,4
DA:70,4
DA:72,4
DA:73,4
DA:74,0
DA:78,1
DA:79,5
DA:80,5
DA:83,5
DA:84,4
DA:85,4
DA:89,2
DA:90,2
DA:91,0
DA:94,2
DA:102,2
DA:105,1
DA:106,1
DA:107,10
DA:108,10
DA:109,10
DA:110,10
DA:111,10
DA:112,10
DA:113,10
DA:114,10
DA:117,1
DA:119,1
DA:120,1
DA:123,1
DA:129,1
DA:130,0
DA:132,1
DA:133,1
DA:134,1
DA:136,1
LF:74
LH:65
BRDA:62,0,0,5
BRDA:62,0,1,0
BRDA:28,1,0,0
BRDA:28,1,1,0
BRDA:41,2,0,303
BRDA:41,2,1,0
BRDA:47,3,0,0
BRDA:47,3,1,4
BRDA:50,4,0,1
BRDA:50,4,1,3
BRDA:53,5,0,0
BRDA:53,5,1,3
BRDA:69,6,0,4
BRDA:69,6,1,0
BRDA:73,7,0,0
BRDA:73,7,1,4
BRDA:73,8,0,4
BRDA:73,8,1,4
BRDA:73,8,2,4
BRDA:79,9,0,5
BRDA:79,9,1,0
BRDA:83,10,0,4
BRDA:83,10,1,1
BRDA:90,11,0,0
BRDA:90,11,1,2
BRDA:119,12,0,1
BRDA:119,12,1,0
BRF:27
BRH:16
end_of_record
TN:
SF:D:\srccodes\git\achihui\src\app\finance\account-ext-adp\index.ts
FNF:0
FNH:0
DA:1,1
LF:1
LH:1
BRF:0
BRH:0
end_of_record
TN:
SF:D:\srccodes\git\achihui\src\app\finance\account-ext-asset\account-ext-asset.component.ts
FN:16,(anonymous_2)
FN:32,AccountExtAssetComponent
FN:22,(anonymous_4)
FN:25,(anonymous_5)
FN:28,(anonymous_6)
FN:42,(anonymous_7)
FN:55,(anonymous_8)
FN:57,(anonymous_9)
FN:68,(anonymous_10)
FN:76,(anonymous_11)
FNF:10
FNH:1
FNDA:1,(anonymous_2)
FNDA:0,AccountExtAssetComponent
FNDA:0,(anonymous_4)
FNDA:0,(anonymous_5)
FNDA:0,(anonymous_6)
FNDA:0,(anonymous_7)
FNDA:0,(anonymous_8)
FNDA:0,(anonymous_9)
FNDA:0,(anonymous_10)
FNDA:0,(anonymous_11)
DA:1,1
DA:2,1
DA:3,1
DA:6,1
DA:7,1
DA:8,1
DA:9,1
DA:16,1
DA:19,1
DA:20,1
DA:22,1
DA:23,0
DA:25,1
DA:26,0
DA:28,1
DA:29,0
DA:32,0
DA:33,0
DA:34,0
DA:35,0
DA:36,0
DA:37,0
DA:42,1
DA:43,0
DA:44,0
DA:47,0
DA:50,0
DA:58,0
DA:59,0
DA:62,0
DA:68,1
DA:69,0
DA:70,0
DA:72,0
DA:73,0
DA:76,1
DA:79,1
LF:37
LH:17
BRDA:36,0,0,0
BRDA:36,0,1,0
BRDA:23,1,0,0
BRDA:23,1,1,0
BRDA:43,2,0,0
BRDA:43,2,1,0
BRDA:58,3,0,0
BRDA:58,3,1,0
BRDA:69,4,0,0
BRDA:69,4,1,0
BRF:10
BRH:0
end_of_record
TN:
SF:D:\srccodes\git\achihui\src\app\finance\account-ext-asset\index.ts
FNF:0
FNH:0
DA:1,1
LF:1
LH:1
BRF:0
BRH:0
end_of_record
TN:
SF:D:\srccodes\git\achihui\src\app\finance\account-ext-asset-ex\account-ext-asset-ex.component.ts
FN:13,getAccountExtAssetFormGroup
FN:26,(anonymous_3)
FN:28,AccountExtAssetExComponent
FN:35,(anonymous_5)
FNF:4
FNH:2
FNDA:1,getAccountExtAssetFormGroup
FNDA:1,(anonymous_3)
FNDA:0,AccountExtAssetExComponent
FNDA:0,(anonymous_5)
DA:1,1
DA:2,1
DA:4,1
DA:5,1
DA:8,1
DA:13,1
DA:14,1
DA:26,1
DA:28,0
DA:29,0
DA:30,0
DA:31,0
DA:35,1
DA:36,0
DA:37,0
DA:40,1
LF:16
LH:10
BRDA:30,0,0,0
BRDA:30,0,1,0
BRDA:36,1,0,0
BRDA:36,1,1,0
BRF:4
BRH:0
end_of_record
TN:
SF:D:\srccodes\git\achihui\src\app\finance\account-ext-asset-ex\index.ts
FNF:0
FNH:0
DA:1,1
LF:1
LH:1
BRF:0
BRH:0
end_of_record
TN:
SF:D:\srccodes\git\achihui\src\app\finance\account-ext-credit-card\account-ext-credit-card.component.ts
FN:11,(anonymous_2)
FN:13,AccountExtCreditCardComponent
FN:17,(anonymous_4)
FNF:3
FNH:3
FNDA:1,(anonymous_2)
FNDA:1,AccountExtCreditCardComponent
FNDA:1,(anonymous_4)
DA:1,1
DA:11,1
DA:17,1
DA:20,1
LF:4
LH:4
BRF:0
BRH:0
end_of_record
TN:
SF:D:\srccodes\git\achihui\src\app\finance\account-ext-loan\account-ext-loan.component.ts
FN:17,(anonymous_2)
FN:49,AccountExtLoanComponent
FN:34,(anonymous_4)
FN:28,(anonymous_5)
FN:42,(anonymous_6)
FN:45,(anonymous_7)
FN:59,(anonymous_8)
FN:77,(anonymous_9)
FN:86,(anonymous_10)
FN:92,(anonymous_11)
FN:100,(anonymous_12)
FN:103,(anonymous_13)
FN:106,(anonymous_14)
FN:144,(anonymous_15)
FN:164,(anonymous_16)
FN:187,(anonymous_17)
FN:214,(anonymous_18)
FN:236,(anonymous_19)
FN:256,(anonymous_20)
FNF:19
FNH:9
FNDA:1,(anonymous_2)
FNDA:1,AccountExtLoanComponent
FNDA:36,(anonymous_4)
FNDA:0,(anonymous_5)
FNDA:42,(anonymous_6)
FNDA:4,(anonymous_7)
FNDA:1,(anonymous_8)
FNDA:1,(anonymous_9)
FNDA:1,(anonymous_10)
FNDA:1,(anonymous_11)
FNDA:0,(anonymous_12)
FNDA:0,(anonymous_13)
FNDA:0,(anonymous_14)
FNDA:0,(anonymous_15)
FNDA:0,(anonymous_16)
FNDA:0,(anonymous_17)
FNDA:0,(anonymous_18)
FNDA:0,(anonymous_19)
FNDA:0,(anonymous_20)
DA:1,1
DA:2,1
DA:4,1
DA:6,1
DA:7,1
DA:8,1
DA:9,1
DA:10,1
DA:17,1
DA:21,1
DA:24,1
DA:25,1
DA:26,1
DA:28,2
DA:29,0
DA:30,0
DA:32,0
DA:35,36
DA:37,1
DA:38,1
DA:39,1
DA:40,1
DA:42,1
DA:43,42
DA:45,1
DA:46,4
DA:49,1
DA:50,1
DA:51,1
DA:52,1
DA:53,1
DA:54,1
DA:56,1
DA:59,1
DA:60,1
DA:61,1
DA:64,1
DA:65,1
DA:66,1
DA:72,1
DA:78,1
DA:81,1
DA:82,0
DA:86,1
DA:87,1
DA:88,1
DA:92,1
DA:93,1
DA:94,1
DA:96,1
DA:97,1
DA:100,1
DA:101,0
DA:103,1
DA:104,0
DA:106,1
DA:108,0
DA:109,0
DA:112,0
DA:116,0
DA:119,0
DA:121,0
DA:122,0
DA:123,0
DA:127,0
DA:135,0
DA:136,0
DA:138,0
DA:139,0
DA:141,0
DA:142,0
DA:144,0
DA:145,0
DA:146,0
DA:147,0
DA:148,0
DA:149,0
DA:150,0
DA:152,0
DA:153,0
DA:155,0
DA:156,0
DA:158,0
DA:160,0
DA:163,0
DA:165,0
DA:166,0
DA:169,0
DA:175,0
DA:181,0
DA:182,0
DA:183,0
DA:184,0
DA:185,0
DA:186,0
DA:187,0
DA:188,0
DA:189,0
DA:190,0
DA:191,0
DA:192,0
DA:197,0
DA:205,0
DA:206,0
DA:208,0
DA:209,0
DA:211,0
DA:212,0
DA:214,0
DA:215,0
DA:216,0
DA:217,0
DA:218,0
DA:219,0
DA:220,0
DA:221,0
DA:222,0
DA:224,0
DA:225,0
DA:227,0
DA:228,0
DA:230,0
DA:232,0
DA:235,0
DA:237,0
DA:238,0
DA:241,0
DA:247,0
DA:256,1
DA:257,0
DA:258,0
DA:260,1
LF:132
LH:52
BRDA:53,0,0,1
BRDA:53,0,1,0
BRDA:29,1,0,0
BRDA:29,1,1,0
BRDA:43,2,0,42
BRDA:43,2,1,42
BRDA:60,3,0,1
BRDA:60,3,1,0
BRDA:81,4,0,0
BRDA:81,4,1,1
BRDA:87,5,0,1
BRDA:87,5,1,0
BRDA:93,6,0,1
BRDA:93,6,1,0
BRDA:108,7,0,0
BRDA:108,7,1,0
BRDA:112,8,0,0
BRDA:112,8,1,0
BRDA:112,9,0,0
BRDA:112,9,1,0
BRDA:121,10,0,0
BRDA:121,10,1,0
BRDA:122,11,0,0
BRDA:122,11,1,0
BRDA:132,12,0,0
BRDA:132,12,1,0
BRDA:135,13,0,0
BRDA:135,13,1,0
BRDA:138,14,0,0
BRDA:138,14,1,0
BRDA:141,15,0,0
BRDA:141,15,1,0
BRDA:152,16,0,0
BRDA:152,16,1,0
BRDA:155,17,0,0
BRDA:155,17,1,0
BRDA:165,18,0,0
BRDA:165,18,1,0
BRDA:171,19,0,0
BRDA:171,19,1,0
BRDA:181,20,0,0
BRDA:181,20,1,0
BRDA:189,21,0,0
BRDA:189,21,1,0
BRDA:202,22,0,0
BRDA:202,22,1,0
BRDA:205,23,0,0
BRDA:205,23,1,0
BRDA:208,24,0,0
BRDA:208,24,1,0
BRDA:211,25,0,0
BRDA:211,25,1,0
BRDA:224,26,0,0
BRDA:224,26,1,0
BRDA:227,27,0,0
BRDA:227,27,1,0
BRDA:237,28,0,0
BRDA:237,28,1,0
BRDA:243,29,0,0
BRDA:243,29,1,0
BRF:60
BRH:7
end_of_record
TN:
SF:D:\srccodes\git\achihui\src\app\finance\account-ext-loan\index.ts
FNF:0
FNH:0
DA:1,1
LF:1
LH:1
BRF:0
BRH:0
end_of_record
TN:
SF:D:\srccodes\git\achihui\src\app\finance\account-list\account-list.component.ts
FN:16,(anonymous_2)
FN:27,AccountListComponent
FN:39,(anonymous_4)
FN:52,(anonymous_5)
FN:58,(anonymous_6)
FN:66,(anonymous_7)
FN:71,(anonymous_8)
FN:78,(anonymous_9)
FN:88,(anonymous_10)
FN:92,(anonymous_11)
FN:96,(anonymous_12)
FN:100,(anonymous_13)
FN:104,(anonymous_14)
FN:105,(anonymous_15)
FN:109,(anonymous_16)
FN:116,(anonymous_17)
FN:121,(anonymous_18)
FNF:17
FNH:15
FNDA:1,(anonymous_2)
FNDA:8,AccountListComponent
FNDA:4,(anonymous_4)
FNDA:3,(anonymous_5)
FNDA:1,(anonymous_6)
FNDA:3,(anonymous_7)
FNDA:4,(anonymous_8)
FNDA:7,(anonymous_9)
FNDA:1,(anonymous_10)
FNDA:1,(anonymous_11)
FNDA:1,(anonymous_12)
FNDA:0,(anonymous_13)
FNDA:3,(anonymous_14)
FNDA:3,(anonymous_15)
FNDA:0,(anonymous_16)
FNDA:6,(anonymous_17)
FNDA:15,(anonymous_18)
DA:1,1
DA:2,1
DA:3,1
DA:4,1
DA:5,1
DA:6,1
DA:7,1
DA:8,1
DA:16,1
DA:19,8
DA:20,8
DA:21,1
DA:22,8
DA:23,8
DA:24,8
DA:27,8
DA:28,8
DA:29,8
DA:30,8
DA:31,8
DA:33,8
DA:34,8
DA:36,8
DA:39,4
DA:40,4
DA:41,4
DA:44,4
DA:45,4
DA:47,4
DA:53,3
DA:54,3
DA:55,3
DA:59,1
DA:60,1
DA:63,1
DA:67,3
DA:71,1
DA:72,4
DA:73,4
DA:75,4
DA:78,1
DA:79,7
DA:80,7
DA:82,7
DA:83,3
DA:84,3
DA:88,1
DA:89,1
DA:92,1
DA:93,1
DA:96,1
DA:97,1
DA:100,1
DA:104,3
DA:105,3
DA:106,3
DA:107,3
DA:110,0
DA:116,6
DA:117,6
DA:118,6
DA:120,6
DA:121,6
DA:122,15
DA:123,4
DA:126,11
DA:129,6
DA:132,1
LF:68
LH:67
BRDA:30,0,0,8
BRDA:30,0,1,0
BRDA:40,1,0,4
BRDA:40,1,1,0
BRDA:53,2,0,3
BRDA:53,2,1,0
BRDA:53,3,0,3
BRDA:53,3,1,3
BRDA:53,3,2,3
BRDA:54,4,0,3
BRDA:54,4,1,0
BRDA:54,5,0,3
BRDA:54,5,1,3
BRDA:59,6,0,1
BRDA:59,6,1,0
BRDA:72,7,0,4
BRDA:72,7,1,0
BRDA:79,8,0,7
BRDA:79,8,1,0
BRDA:82,9,0,3
BRDA:82,9,1,4
BRDA:106,10,0,3
BRDA:106,10,1,0
BRDA:106,11,0,3
BRDA:106,11,1,3
BRDA:117,12,0,6
BRDA:117,12,1,0
BRDA:120,13,0,6
BRDA:120,13,1,0
BRDA:122,14,0,4
BRDA:122,14,1,11
BRDA:122,15,0,15
BRDA:122,15,1,9
BRF:33
BRH:23
end_of_record
TN:
SF:D:\srccodes\git\achihui\src\app\finance\account-tree\account-tree.component.ts
FN:17,(anonymous_2)
FN:26,(anonymous_3)
FN:34,(anonymous_5)
FN:49,(anonymous_7)
FN:64,AccountTreeComponent
FN:191,(anonymous_9)
FN:204,(anonymous_10)
FN:206,(anonymous_11)
FN:208,(anonymous_12)
FN:210,(anonymous_13)
FN:88,(anonymous_14)
FN:97,(anonymous_15)
FN:108,(anonymous_16)
FN:124,(anonymous_17)
FN:138,(anonymous_18)
FN:148,(anonymous_19)
FN:158,(anonymous_20)
FN:166,(anonymous_21)
FN:171,(anonymous_22)
FN:175,(anonymous_23)
FN:179,(anonymous_24)
FN:183,(anonymous_25)
FN:187,(anonymous_26)
FN:213,(anonymous_27)
FN:221,(anonymous_28)
FN:234,(anonymous_29)
FN:242,(anonymous_30)
FN:247,(anonymous_31)
FN:251,(anonymous_32)
FN:261,(anonymous_33)
FN:276,(anonymous_34)
FN:277,(anonymous_35)
FNF:32
FNH:21
FNDA:1,(anonymous_2)
FNDA:15,(anonymous_3)
FNDA:15,(anonymous_5)
FNDA:1,(anonymous_7)
FNDA:5,AccountTreeComponent
FNDA:14,(anonymous_9)
FNDA:12,(anonymous_10)
FNDA:66,(anonymous_11)
FNDA:40,(anonymous_12)
FNDA:12,(anonymous_13)
FNDA:3,(anonymous_14)
FNDA:5,(anonymous_15)
FNDA:0,(anonymous_16)
FNDA:0,(anonymous_17)
FNDA:0,(anonymous_18)
FNDA:0,(anonymous_19)
FNDA:0,(anonymous_20)
FNDA:0,(anonymous_21)
FNDA:0,(anonymous_22)
FNDA:0,(anonymous_23)
FNDA:0,(anonymous_24)
FNDA:0,(anonymous_25)
FNDA:0,(anonymous_26)
FNDA:3,(anonymous_27)
FNDA:2,(anonymous_28)
FNDA:1,(anonymous_29)
FNDA:2,(anonymous_30)
FNDA:14,(anonymous_31)
FNDA:12,(anonymous_32)
FNDA:24,(anonymous_33)
FNDA:2,(anonymous_34)
FNDA:3,(anonymous_35)
DA:1,1
DA:2,1
DA:3,1
DA:4,1
DA:6,1
DA:7,1
DA:8,1
DA:9,1
DA:11,1
DA:12,1
DA:17,1
DA:18,1
DA:19,1
DA:26,1
DA:31,1
DA:34,1
DA:42,1
DA:49,1
DA:64,5
DA:65,5
DA:66,5
DA:67,5
DA:68,5
DA:69,5
DA:72,5
DA:74,5
DA:75,5
DA:76,5
DA:77,5
DA:78,5
DA:79,5
DA:80,5
DA:82,5
DA:84,5
DA:85,5
DA:88,1
DA:89,3
DA:90,3
DA:93,3
DA:94,3
DA:97,1
DA:98,5
DA:99,5
DA:102,5
DA:103,3
DA:104,3
DA:108,1
DA:109,0
DA:110,0
DA:113,0
DA:115,0
DA:117,0
DA:120,0
DA:122,0
DA:124,0
DA:125,0
DA:126,0
DA:130,0
DA:134,0
DA:138,1
DA:139,0
DA:140,0
DA:143,0
DA:144,0
DA:146,0
DA:149,0
DA:150,0
DA:153,0
DA:154,0
DA:156,0
DA:157,0
DA:159,0
DA:160,0
DA:163,0
DA:167,0
DA:171,1
DA:172,0
DA:175,1
DA:176,0
DA:179,1
DA:180,0
DA:183,1
DA:184,0
DA:187,1
DA:191,5
DA:192,14
DA:193,14
DA:194,14
DA:195,14
DA:196,14
DA:198,14
DA:199,14
DA:201,14
DA:204,12
DA:206,66
DA:208,40
DA:210,5
DA:211,12
DA:213,3
DA:214,3
DA:215,3
DA:217,3
DA:219,3
DA:222,2
DA:223,2
DA:226,2
DA:228,2
DA:229,2
DA:231,2
DA:232,2
DA:235,1
DA:236,1
DA:239,1
DA:243,2
DA:247,14
DA:248,14
DA:250,14
DA:251,2
DA:253,12
DA:254,12
DA:255,12
DA:256,12
DA:257,12
DA:258,12
DA:261,12
DA:262,24
DA:264,2
DA:265,2
DA:266,2
DA:267,2
DA:269,2
DA:274,14
DA:276,2
DA:277,2
DA:278,3
DA:279,1
DA:282,2
DA:285,1
LF:138
LH:107
BRDA:17,0,0,1
BRDA:17,0,1,1
BRDA:196,1,0,12
BRDA:196,1,1,2
BRDA:68,2,0,5
BRDA:68,2,1,0
BRDA:89,3,0,3
BRDA:89,3,1,0
BRDA:98,4,0,5
BRDA:98,4,1,0
BRDA:102,5,0,3
BRDA:102,5,1,2
BRDA:109,6,0,0
BRDA:109,6,1,0
BRDA:116,7,0,0
BRDA:116,7,1,0
BRDA:116,7,2,0
BRDA:122,8,0,0
BRDA:122,8,1,0
BRDA:125,9,0,0
BRDA:125,9,1,0
BRDA:139,10,0,0
BRDA:139,10,1,0
BRDA:149,11,0,0
BRDA:149,11,1,0
BRDA:159,12,0,0
BRDA:159,12,1,0
BRDA:214,13,0,3
BRDA:214,13,1,0
BRDA:222,14,0,2
BRDA:222,14,1,0
BRDA:226,15,0,2
BRDA:226,15,1,0
BRDA:226,16,0,2
BRDA:226,16,1,2
BRDA:235,17,0,1
BRDA:235,17,1,0
BRDA:250,18,0,2
BRDA:250,18,1,12
BRDA:250,19,0,14
BRDA:250,19,1,12
BRDA:262,20,0,2
BRDA:262,20,1,22
BRDA:278,21,0,1
BRDA:278,21,1,2
BRDA:278,22,0,3
BRDA:278,22,1,3
BRF:47
BRH:25
end_of_record
TN:
SF:D:\srccodes\git\achihui\src\app\finance\config\config.component.ts
FN:14,(anonymous_2)
FN:26,ConfigComponent
FN:33,(anonymous_4)
FN:46,(anonymous_5)
FN:60,(anonymous_6)
FN:71,(anonymous_7)
FNF:6
FNH:6
FNDA:1,(anonymous_2)
FNDA:9,ConfigComponent
FNDA:8,(anonymous_4)
FNDA:5,(anonymous_5)
FNDA:3,(anonymous_6)
FNDA:9,(anonymous_7)
DA:1,1
DA:2,1
DA:3,1
DA:4,1
DA:5,1
DA:6,1
DA:7,1
DA:14,1
DA:16,9
DA:17,9
DA:18,9
DA:19,9
DA:20,9
DA:21,9
DA:22,1
DA:23,1
DA:24,1
DA:26,9
DA:27,9
DA:28,9
DA:29,9
DA:33,8
DA:34,8
DA:35,8
DA:38,8
DA:40,8
DA:48,5
DA:49,4
DA:50,4
DA:52,5
DA:53,4
DA:54,4
DA:56,5
DA:57,4
DA:58,4
DA:61,3
DA:62,3
DA:65,3
DA:71,1
DA:72,9
DA:73,9
DA:76,9
DA:77,8
DA:78,8
DA:81,1
LF:45
LH:45
BRDA:28,0,0,9
BRDA:28,0,1,0
BRDA:34,1,0,8
BRDA:34,1,1,0
BRDA:48,2,0,4
BRDA:48,2,1,1
BRDA:48,3,0,5
BRDA:48,3,1,5
BRDA:48,3,2,5
BRDA:48,3,3,5
BRDA:52,4,0,4
BRDA:52,4,1,1
BRDA:52,5,0,5
BRDA:52,5,1,5
BRDA:52,5,2,5
BRDA:52,5,3,5
BRDA:56,6,0,4
BRDA:56,6,1,1
BRDA:56,7,0,5
BRDA:56,7,1,5
BRDA:56,7,2,5
BRDA:56,7,3,5
BRDA:61,8,0,3
BRDA:61,8,1,0
BRDA:72,9,0,9
BRDA:72,9,1,0
BRDA:76,10,0,8
BRDA:76,10,1,1
BRF:28
BRH:24
end_of_record
TN:
SF:D:\srccodes\git\achihui\src\app\finance\control-center\control-center.component.ts
FN:8,(anonymous_2)
FN:10,ControlCenterComponent
FN:14,(anonymous_4)
FNF:3
FNH:3
FNDA:1,(anonymous_2)
FNDA:1,ControlCenterComponent
FNDA:1,(anonymous_4)
DA:1,1
DA:8,1
DA:14,1
DA:17,1
LF:4
LH:4
BRF:0
BRH:0
end_of_record
TN:
SF:D:\srccodes\git\achihui\src\app\finance\control-center-tree\control-center-tree.component.ts
FN:15,(anonymous_2)
FN:22,(anonymous_4)
FN:36,(anonymous_6)
FN:45,ControlCenterTreeComponent
FN:93,(anonymous_8)
FN:105,(anonymous_9)
FN:107,(anonymous_10)
FN:109,(anonymous_11)
FN:111,(anonymous_12)
FN:60,(anonymous_13)
FN:68,(anonymous_14)
FN:77,(anonymous_15)
FN:79,(anonymous_16)
FN:84,(anonymous_17)
FN:89,(anonymous_18)
FN:115,(anonymous_19)
FN:119,(anonymous_20)
FN:131,(anonymous_21)
FNF:18
FNH:8
FNDA:1,(anonymous_2)
FNDA:1,(anonymous_4)
FNDA:1,(anonymous_6)
FNDA:1,ControlCenterTreeComponent
FNDA:0,(anonymous_8)
FNDA:0,(anonymous_9)
FNDA:0,(anonymous_10)
FNDA:0,(anonymous_11)
FNDA:0,(anonymous_12)
FNDA:1,(anonymous_13)
FNDA:1,(anonymous_14)
FNDA:0,(anonymous_15)
FNDA:1,(anonymous_16)
FNDA:1,(anonymous_17)
FNDA:0,(anonymous_18)
FNDA:0,(anonymous_19)
FNDA:0,(anonymous_20)
FNDA:0,(anonymous_21)
DA:1,1
DA:2,1
DA:3,1
DA:5,1
DA:7,1
DA:8,1
DA:9,1
DA:15,1
DA:19,1
DA:22,1
DA:29,1
DA:36,1
DA:45,1
DA:46,1
DA:47,1
DA:48,1
DA:51,1
DA:52,1
DA:54,1
DA:56,1
DA:57,1
DA:60,1
DA:61,1
DA:62,1
DA:65,1
DA:66,1
DA:67,1
DA:69,1
DA:70,1
DA:73,1
DA:74,0
DA:75,0
DA:80,1
DA:84,1
DA:85,1
DA:86,1
DA:89,1
DA:90,0
DA:93,1
DA:94,0
DA:95,0
DA:96,0
DA:97,0
DA:99,0
DA:100,0
DA:102,0
DA:105,1
DA:107,1
DA:109,1
DA:111,1
DA:112,0
DA:115,1
DA:116,0
DA:118,0
DA:119,0
DA:120,0
DA:122,0
DA:123,0
DA:124,0
DA:125,0
DA:127,0
DA:131,0
DA:132,0
DA:134,0
DA:135,0
DA:136,0
DA:137,0
DA:139,0
DA:144,0
DA:146,1
LF:70
LH:42
BRDA:97,0,0,0
BRDA:97,0,1,0
BRDA:47,1,0,1
BRDA:47,1,1,0
BRDA:61,2,0,1
BRDA:61,2,1,0
BRDA:69,3,0,1
BRDA:69,3,1,0
BRDA:73,4,0,0
BRDA:73,4,1,1
BRDA:118,5,0,0
BRDA:118,5,1,0
BRDA:120,6,0,0
BRDA:120,6,1,0
BRDA:132,7,0,0
BRDA:132,7,1,0
BRF:16
BRH:4
end_of_record
TN:
SF:D:\srccodes\git\achihui\src\app\finance\document\document.component.ts
FN:8,(anonymous_2)
FN:10,DocumentComponent
FN:14,(anonymous_4)
FNF:3
FNH:3
FNDA:1,(anonymous_2)
FNDA:1,DocumentComponent
FNDA:1,(anonymous_4)
DA:1,1
DA:8,1
DA:14,1
DA:17,1
LF:4
LH:4
BRF:0
BRH:0
end_of_record
TN:
SF:D:\srccodes\git\achihui\src\app\finance\document-adpcreate\document-adpcreate.component.ts
FN:27,(anonymous_2)
FN:119,DocumentADPCreateComponent
FN:50,(anonymous_4)
FN:75,(anonymous_5)
FN:81,(anonymous_6)
FN:89,(anonymous_7)
FN:95,(anonymous_8)
FN:101,(anonymous_9)
FN:108,(anonymous_10)
FN:135,(anonymous_11)
FN:166,(anonymous_12)
FN:189,(anonymous_13)
FN:213,(anonymous_14)
FN:223,(anonymous_15)
FN:233,(anonymous_16)
FN:240,(anonymous_17)
FN:302,(anonymous_18)
FN:314,(anonymous_19)
FN:318,(anonymous_20)
FN:328,(anonymous_21)
FN:340,(anonymous_22)
FN:349,(anonymous_23)
FNF:22
FNH:15
FNDA:1,(anonymous_2)
FNDA:20,DocumentADPCreateComponent
FNDA:135,(anonymous_4)
FNDA:126,(anonymous_5)
FNDA:1,(anonymous_6)
FNDA:126,(anonymous_7)
FNDA:451,(anonymous_8)
FNDA:277,(anonymous_9)
FNDA:126,(anonymous_10)
FNDA:19,(anonymous_11)
FNDA:12,(anonymous_12)
FNDA:12,(anonymous_13)
FNDA:7,(anonymous_14)
FNDA:20,(anonymous_15)
FNDA:0,(anonymous_16)
FNDA:0,(anonymous_17)
FNDA:0,(anonymous_18)
FNDA:0,(anonymous_19)
FNDA:0,(anonymous_20)
FNDA:0,(anonymous_21)
FNDA:0,(anonymous_22)
FNDA:12,(anonymous_23)
DA:1,1
DA:2,1
DA:3,1
DA:5,1
DA:6,1
DA:8,1
DA:9,1
DA:15,1
DA:16,1
DA:17,1
DA:19,1
DA:20,1
DA:27,1
DA:31,20
DA:32,20
DA:33,20
DA:36,20
DA:39,20
DA:40,20
DA:41,20
DA:42,20
DA:43,20
DA:44,20
DA:47,1
DA:48,1
DA:50,1
DA:51,135
DA:53,25
DA:54,8
DA:55,5
DA:59,20
DA:60,10
DA:61,5
DA:63,5
DA:66,10
DA:67,5
DA:69,5
DA:73,110
DA:75,1
DA:76,126
DA:77,126
DA:78,126
DA:81,1
DA:82,1
DA:83,1
DA:84,1
DA:87,0
DA:89,1
DA:90,126
DA:91,126
DA:92,32
DA:95,1
DA:96,451
DA:97,451
DA:98,451
DA:101,1
DA:102,277
DA:103,24
DA:106,253
DA:108,1
DA:109,126
DA:110,0
DA:111,0
DA:112,0
DA:116,126
DA:119,20
DA:120,20
DA:121,20
DA:122,20
DA:123,20
DA:124,20
DA:125,20
DA:126,20
DA:127,20
DA:128,20
DA:129,20
DA:130,20
DA:131,20
DA:135,19
DA:136,19
DA:137,19
DA:140,19
DA:142,19
DA:156,19
DA:167,12
DA:168,12
DA:172,12
DA:173,12
DA:174,12
DA:175,12
DA:177,12
DA:178,12
DA:179,12
DA:181,12
DA:183,12
DA:185,12
DA:187,12
DA:189,12
DA:190,12
DA:191,12
DA:192,12
DA:193,12
DA:195,0
DA:197,12
DA:198,12
DA:199,12
DA:204,12
DA:207,12
DA:209,12
DA:214,7
DA:215,7
DA:217,7
DA:223,1
DA:224,20
DA:225,20
DA:227,20
DA:228,19
DA:229,19
DA:233,1
DA:234,0
DA:235,0
DA:237,0
DA:240,1
DA:241,0
DA:242,0
DA:243,0
DA:244,0
DA:245,0
DA:246,0
DA:247,0
DA:248,0
DA:249,0
DA:250,0
DA:252,0
DA:253,0
DA:256,0
DA:266,0
DA:272,0
DA:278,0
DA:281,0
DA:284,0
DA:285,0
DA:286,0
DA:287,0
DA:288,0
DA:290,0
DA:292,0
DA:293,0
DA:294,0
DA:295,0
DA:296,0
DA:297,0
DA:299,0
DA:300,0
DA:302,0
DA:303,0
DA:304,0
DA:308,0
DA:313,0
DA:314,0
DA:315,0
DA:318,0
DA:320,0
DA:321,0
DA:322,0
DA:324,0
DA:330,0
DA:336,0
DA:342,0
DA:343,0
DA:349,1
DA:350,12
DA:351,12
DA:353,0
DA:356,1
LF:175
LH:119
BRDA:130,0,0,20
BRDA:130,0,1,0
BRDA:51,1,0,25
BRDA:51,1,1,110
BRDA:51,2,0,135
BRDA:51,2,1,135
BRDA:53,3,0,8
BRDA:53,3,1,17
BRDA:54,4,0,5
BRDA:54,4,1,3
BRDA:59,5,0,10
BRDA:59,5,1,10
BRDA:60,6,0,5
BRDA:60,6,1,5
BRDA:66,7,0,5
BRDA:66,7,1,5
BRDA:77,8,0,126
BRDA:77,8,1,0
BRDA:83,9,0,1
BRDA:83,9,1,0
BRDA:83,10,0,1
BRDA:83,10,1,1
BRDA:83,10,2,1
BRDA:91,11,0,32
BRDA:91,11,1,94
BRDA:91,12,0,126
BRDA:91,12,1,126
BRDA:97,13,0,451
BRDA:97,13,1,0
BRDA:102,14,0,24
BRDA:102,14,1,253
BRDA:102,15,0,277
BRDA:102,15,1,173
BRDA:109,16,0,0
BRDA:109,16,1,126
BRDA:111,17,0,0
BRDA:111,17,1,0
BRDA:136,18,0,19
BRDA:136,18,1,0
BRDA:167,19,0,12
BRDA:167,19,1,0
BRDA:190,20,0,12
BRDA:190,20,1,0
BRDA:190,21,0,12
BRDA:190,21,1,12
BRDA:191,22,0,12
BRDA:191,22,1,0
BRDA:191,23,0,12
BRDA:191,23,1,0
BRDA:192,24,0,12
BRDA:192,24,1,0
BRDA:214,25,0,7
BRDA:214,25,1,0
BRDA:224,26,0,20
BRDA:224,26,1,0
BRDA:227,27,0,19
BRDA:227,27,1,1
BRDA:234,28,0,0
BRDA:234,28,1,0
BRDA:256,29,0,0
BRDA:256,29,1,0
BRDA:287,30,0,0
BRDA:287,30,1,0
BRDA:303,31,0,0
BRDA:303,31,1,0
BRDA:320,32,0,0
BRDA:320,32,1,0
BRDA:321,33,0,0
BRDA:321,33,1,0
BRDA:342,34,0,0
BRDA:342,34,1,0
BRDA:350,35,0,12
BRDA:350,35,1,0
BRF:73
BRH:43
end_of_record
TN:
SF:D:\srccodes\git\achihui\src\app\finance\document-asset-buy-in-create\document-asset-buy-in-create.component.ts
FN:25,(anonymous_2)
FN:72,DocumentAssetBuyInCreateComponent
FN:42,(anonymous_4)
FN:45,(anonymous_5)
FN:51,(anonymous_6)
FN:59,(anonymous_7)
FN:65,(anonymous_8)
FN:86,(anonymous_9)
FN:100,(anonymous_10)
FN:112,(anonymous_11)
FN:144,(anonymous_12)
FN:153,(anonymous_13)
FN:171,(anonymous_14)
FN:181,(anonymous_15)
FN:246,(anonymous_16)
FN:250,(anonymous_17)
FN:260,(anonymous_18)
FN:263,(anonymous_19)
FN:287,(anonymous_20)
FN:292,(anonymous_21)
FN:296,(anonymous_22)
FN:311,(anonymous_23)
FN:319,(anonymous_24)
FN:378,(anonymous_25)
FN:394,(anonymous_26)
FN:403,(anonymous_27)
FNF:26
FNH:8
FNDA:1,(anonymous_2)
FNDA:1,DocumentAssetBuyInCreateComponent
FNDA:2,(anonymous_4)
FNDA:2,(anonymous_5)
FNDA:2,(anonymous_6)
FNDA:2,(anonymous_7)
FNDA:0,(anonymous_8)
FNDA:1,(anonymous_9)
FNDA:1,(anonymous_10)
FNDA:0,(anonymous_11)
FNDA:0,(anonymous_12)
FNDA:0,(anonymous_13)
FNDA:0,(anonymous_14)
FNDA:0,(anonymous_15)
FNDA:0,(anonymous_16)
FNDA:0,(anonymous_17)
FNDA:0,(anonymous_18)
FNDA:0,(anonymous_19)
FNDA:0,(anonymous_20)
FNDA:0,(anonymous_21)
FNDA:0,(anonymous_22)
FNDA:0,(anonymous_23)
FNDA:0,(anonymous_24)
FNDA:0,(anonymous_25)
FNDA:0,(anonymous_26)
FNDA:0,(anonymous_27)
DA:1,1
DA:2,1
DA:3,1
DA:4,1
DA:5,1
DA:8,1
DA:9,1
DA:14,1
DA:15,1
DA:16,1
DA:17,1
DA:18,1
DA:25,1
DA:31,1
DA:34,1
DA:36,1
DA:38,1
DA:39,1
DA:40,1
DA:42,1
DA:43,2
DA:45,1
DA:46,2
DA:47,2
DA:48,2
DA:51,1
DA:52,2
DA:53,2
DA:54,2
DA:57,0
DA:59,1
DA:60,2
DA:61,2
DA:62,2
DA:65,1
DA:66,0
DA:67,0
DA:68,0
DA:72,1
DA:73,1
DA:74,1
DA:75,1
DA:76,1
DA:77,1
DA:78,1
DA:79,1
DA:80,1
DA:81,1
DA:83,1
DA:86,1
DA:87,1
DA:88,1
DA:91,1
DA:101,1
DA:102,1
DA:106,1
DA:107,1
DA:108,1
DA:110,1
DA:111,1
DA:113,0
DA:114,0
DA:117,0
DA:123,0
DA:130,1
DA:141,1
DA:144,1
DA:145,0
DA:146,0
DA:148,0
DA:149,0
DA:150,0
DA:153,1
DA:154,0
DA:156,0
DA:157,0
DA:158,0
DA:159,0
DA:160,0
DA:164,0
DA:165,0
DA:168,0
DA:171,1
DA:172,0
DA:174,0
DA:175,0
DA:177,0
DA:181,1
DA:183,0
DA:184,0
DA:186,0
DA:192,0
DA:198,0
DA:202,0
DA:203,0
DA:204,0
DA:214,0
DA:220,0
DA:226,0
DA:231,0
DA:232,0
DA:233,0
DA:234,0
DA:235,0
DA:236,0
DA:237,0
DA:238,0
DA:239,0
DA:240,0
DA:241,0
DA:242,0
DA:243,0
DA:244,0
DA:246,0
DA:247,0
DA:250,0
DA:252,0
DA:253,0
DA:257,0
DA:261,0
DA:265,0
DA:266,0
DA:269,0
DA:270,0
DA:271,0
DA:272,0
DA:273,0
DA:274,0
DA:280,0
DA:286,0
DA:292,1
DA:293,0
DA:296,1
DA:297,0
DA:298,0
DA:301,0
DA:302,0
DA:306,0
DA:307,0
DA:311,1
DA:312,0
DA:314,0
DA:315,0
DA:319,1
DA:320,0
DA:321,0
DA:323,0
DA:324,0
DA:325,0
DA:326,0
DA:327,0
DA:329,0
DA:330,0
DA:331,0
DA:332,0
DA:333,0
DA:334,0
DA:335,0
DA:336,0
DA:340,0
DA:341,0
DA:342,0
DA:343,0
DA:344,0
DA:345,0
DA:346,0
DA:347,0
DA:350,0
DA:351,0
DA:352,0
DA:353,0
DA:354,0
DA:355,0
DA:356,0
DA:357,0
DA:361,0
DA:362,0
DA:363,0
DA:364,0
DA:365,0
DA:366,0
DA:367,0
DA:368,0
DA:369,0
DA:370,0
DA:374,0
DA:377,0
DA:378,0
DA:379,0
DA:381,0
DA:382,0
DA:383,0
DA:384,0
DA:385,0
DA:386,0
DA:387,0
DA:388,0
DA:392,0
DA:394,1
DA:395,0
DA:396,0
DA:397,0
DA:398,0
DA:399,0
DA:400,0
DA:402,0
DA:403,0
DA:404,0
DA:408,0
DA:410,1
LF:210
LH:68
BRDA:80,0,0,1
BRDA:80,0,1,0
BRDA:47,1,0,2
BRDA:47,1,1,0
BRDA:53,2,0,2
BRDA:53,2,1,0
BRDA:53,3,0,2
BRDA:53,3,1,2
BRDA:53,3,2,2
BRDA:61,4,0,2
BRDA:61,4,1,0
BRDA:67,5,0,0
BRDA:67,5,1,0
BRDA:87,6,0,1
BRDA:87,6,1,0
BRDA:101,7,0,1
BRDA:101,7,1,0
BRDA:113,8,0,0
BRDA:113,8,1,0
BRDA:119,9,0,0
BRDA:119,9,1,0
BRDA:158,10,0,0
BRDA:158,10,1,0
BRDA:164,11,0,0
BRDA:164,11,1,0
BRDA:174,12,0,0
BRDA:174,12,1,0
BRDA:184,13,0,0
BRDA:184,13,1,0
BRDA:203,14,0,0
BRDA:203,14,1,0
BRDA:204,15,0,0
BRDA:204,15,1,0
BRDA:252,16,0,0
BRDA:252,16,1,0
BRDA:265,17,0,0
BRDA:265,17,1,0
BRDA:301,18,0,0
BRDA:301,18,1,0
BRDA:301,19,0,0
BRDA:301,19,1,0
BRDA:306,20,0,0
BRDA:306,20,1,0
BRDA:314,21,0,0
BRDA:314,21,1,0
BRDA:323,22,0,0
BRDA:323,22,1,0
BRDA:329,23,0,0
BRDA:329,23,1,0
BRDA:340,24,0,0
BRDA:340,24,1,0
BRDA:350,25,0,0
BRDA:350,25,1,0
BRDA:363,26,0,0
BRDA:363,26,1,0
BRDA:363,27,0,0
BRDA:363,27,1,0
BRDA:363,27,2,0
BRDA:363,27,3,0
BRDA:374,28,0,0
BRDA:374,28,1,0
BRDA:381,29,0,0
BRDA:381,29,1,0
BRDA:402,30,0,0
BRDA:402,30,1,0
BRF:65
BRH:9
end_of_record
TN:
SF:D:\srccodes\git\achihui\src\app\finance\document-asset-soldout-create\document-asset-soldout-create.component.ts
FN:26,(anonymous_2)
FN:65,DocumentAssetSoldoutCreateComponent
FN:41,(anonymous_4)
FN:44,(anonymous_5)
FN:50,(anonymous_6)
FN:56,(anonymous_7)
FN:78,(anonymous_8)
FN:88,(anonymous_9)
FN:121,(anonymous_10)
FN:130,(anonymous_11)
FN:148,(anonymous_12)
FN:205,(anonymous_13)
FN:209,(anonymous_14)
FN:219,(anonymous_15)
FN:222,(anonymous_16)
FN:246,(anonymous_17)
FN:251,(anonymous_18)
FN:266,(anonymous_19)
FN:274,(anonymous_20)
FN:282,(anonymous_21)
FN:289,(anonymous_22)
FN:316,(anonymous_23)
FNF:22
FNH:8
FNDA:1,(anonymous_2)
FNDA:1,DocumentAssetSoldoutCreateComponent
FNDA:2,(anonymous_4)
FNDA:2,(anonymous_5)
FNDA:2,(anonymous_6)
FNDA:2,(anonymous_7)
FNDA:1,(anonymous_8)
FNDA:1,(anonymous_9)
FNDA:0,(anonymous_10)
FNDA:0,(anonymous_11)
FNDA:0,(anonymous_12)
FNDA:0,(anonymous_13)
FNDA:0,(anonymous_14)
FNDA:0,(anonymous_15)
FNDA:0,(anonymous_16)
FNDA:0,(anonymous_17)
FNDA:0,(anonymous_18)
FNDA:0,(anonymous_19)
FNDA:0,(anonymous_20)
FNDA:0,(anonymous_21)
FNDA:0,(anonymous_22)
FNDA:0,(anonymous_23)
DA:1,1
DA:4,1
DA:5,1
DA:6,1
DA:8,1
DA:9,1
DA:10,1
DA:16,1
DA:17,1
DA:18,1
DA:19,1
DA:26,1
DA:30,1
DA:33,1
DA:37,1
DA:38,1
DA:39,1
DA:41,1
DA:42,2
DA:44,1
DA:45,2
DA:46,2
DA:47,2
DA:50,1
DA:51,2
DA:52,2
DA:53,2
DA:56,1
DA:57,2
DA:58,2
DA:59,0
DA:62,2
DA:65,1
DA:66,1
DA:67,1
DA:68,1
DA:69,1
DA:70,1
DA:71,1
DA:72,1
DA:73,1
DA:74,1
DA:78,1
DA:79,1
DA:89,1
DA:90,1
DA:94,1
DA:95,1
DA:96,1
DA:100,1
DA:105,1
DA:106,1
DA:109,1
DA:118,1
DA:121,1
DA:122,0
DA:123,0
DA:125,0
DA:126,0
DA:127,0
DA:130,1
DA:131,0
DA:133,0
DA:134,0
DA:135,0
DA:136,0
DA:137,0
DA:141,0
DA:142,0
DA:145,0
DA:148,1
DA:150,0
DA:151,0
DA:153,0
DA:159,0
DA:165,0
DA:169,0
DA:170,0
DA:180,0
DA:186,0
DA:192,0
DA:196,0
DA:197,0
DA:198,0
DA:199,0
DA:200,0
DA:201,0
DA:202,0
DA:203,0
DA:204,0
DA:205,0
DA:206,0
DA:209,0
DA:211,0
DA:212,0
DA:216,0
DA:220,0
DA:224,0
DA:225,0
DA:228,0
DA:229,0
DA:230,0
DA:231,0
DA:232,0
DA:233,0
DA:239,0
DA:245,0
DA:251,1
DA:252,0
DA:253,0
DA:256,0
DA:257,0
DA:261,0
DA:262,0
DA:266,1
DA:267,0
DA:269,0
DA:270,0
DA:274,1
DA:275,0
DA:276,0
DA:277,0
DA:278,0
DA:279,0
DA:280,0
DA:282,0
DA:283,0
DA:284,0
DA:287,0
DA:289,1
DA:290,0
DA:292,0
DA:293,0
DA:294,0
DA:295,0
DA:296,0
DA:297,0
DA:298,0
DA:299,0
DA:302,0
DA:303,0
DA:304,0
DA:305,0
DA:306,0
DA:307,0
DA:308,0
DA:309,0
DA:310,0
DA:311,0
DA:315,0
DA:316,0
DA:317,0
DA:319,0
DA:320,0
DA:321,0
DA:322,0
DA:323,0
DA:324,0
DA:325,0
DA:326,0
DA:329,0
DA:331,1
LF:162
LH:61
BRDA:73,0,0,1
BRDA:73,0,1,0
BRDA:46,1,0,2
BRDA:46,1,1,0
BRDA:52,2,0,2
BRDA:52,2,1,0
BRDA:58,3,0,0
BRDA:58,3,1,2
BRDA:58,4,0,2
BRDA:58,4,1,2
BRDA:58,4,2,2
BRDA:89,5,0,1
BRDA:89,5,1,0
BRDA:135,6,0,0
BRDA:135,6,1,0
BRDA:141,7,0,0
BRDA:141,7,1,0
BRDA:151,8,0,0
BRDA:151,8,1,0
BRDA:170,9,0,0
BRDA:170,9,1,0
BRDA:211,10,0,0
BRDA:211,10,1,0
BRDA:224,11,0,0
BRDA:224,11,1,0
BRDA:256,12,0,0
BRDA:256,12,1,0
BRDA:256,13,0,0
BRDA:256,13,1,0
BRDA:261,14,0,0
BRDA:261,14,1,0
BRDA:269,15,0,0
BRDA:269,15,1,0
BRDA:292,16,0,0
BRDA:292,16,1,0
BRDA:304,17,0,0
BRDA:304,17,1,0
BRDA:304,18,0,0
BRDA:304,18,1,0
BRDA:304,18,2,0
BRDA:304,18,3,0
BRDA:319,19,0,0
BRDA:319,19,1,0
BRF:43
BRH:8
end_of_record
TN:
SF:D:\srccodes\git\achihui\src\app\finance\document-asset-valchg-create\document-asset-valchg-create.component.ts
FN:23,(anonymous_2)
FN:30,(anonymous_4)
FN:44,(anonymous_5)
FN:86,DocumentAssetValChgCreateComponent
FN:59,(anonymous_7)
FN:62,(anonymous_8)
FN:65,(anonymous_9)
FN:71,(anonymous_10)
FN:77,(anonymous_11)
FN:101,(anonymous_12)
FN:111,(anonymous_13)
FN:142,(anonymous_14)
FN:198,(anonymous_15)
FN:202,(anonymous_16)
FN:212,(anonymous_17)
FN:215,(anonymous_18)
FN:239,(anonymous_19)
FN:244,(anonymous_20)
FN:252,(anonymous_21)
FN:275,(anonymous_22)
FN:295,(anonymous_23)
FN:320,(anonymous_24)
FNF:22
FNH:10
FNDA:1,(anonymous_2)
FNDA:0,(anonymous_4)
FNDA:1,(anonymous_5)
FNDA:1,DocumentAssetValChgCreateComponent
FNDA:2,(anonymous_7)
FNDA:2,(anonymous_8)
FNDA:2,(anonymous_9)
FNDA:2,(anonymous_10)
FNDA:2,(anonymous_11)
FNDA:1,(anonymous_12)
FNDA:1,(anonymous_13)
FNDA:0,(anonymous_14)
FNDA:0,(anonymous_15)
FNDA:0,(anonymous_16)
FNDA:0,(anonymous_17)
FNDA:0,(anonymous_18)
FNDA:0,(anonymous_19)
FNDA:0,(anonymous_20)
FNDA:0,(anonymous_21)
FNDA:0,(anonymous_22)
FNDA:0,(anonymous_23)
FNDA:0,(anonymous_24)
DA:1,1
DA:3,1
DA:5,1
DA:6,1
DA:8,1
DA:10,1
DA:11,1
DA:18,1
DA:19,1
DA:20,1
DA:23,1
DA:30,1
DA:31,0
DA:32,0
DA:33,0
DA:34,0
DA:35,0
DA:37,1
DA:44,1
DA:48,1
DA:51,1
DA:55,1
DA:56,1
DA:59,1
DA:60,2
DA:62,1
DA:63,2
DA:65,1
DA:66,2
DA:67,2
DA:68,2
DA:71,1
DA:72,2
DA:73,2
DA:74,2
DA:77,1
DA:78,2
DA:79,2
DA:80,0
DA:83,2
DA:86,1
DA:87,1
DA:88,1
DA:89,1
DA:90,1
DA:91,1
DA:92,1
DA:93,1
DA:94,1
DA:95,1
DA:98,1
DA:101,1
DA:102,1
DA:112,1
DA:113,1
DA:117,1
DA:118,1
DA:119,1
DA:123,1
DA:128,1
DA:129,1
DA:132,1
DA:142,1
DA:144,0
DA:145,0
DA:147,0
DA:153,0
DA:159,0
DA:163,0
DA:164,0
DA:174,0
DA:180,0
DA:186,0
DA:190,0
DA:191,0
DA:192,0
DA:193,0
DA:194,0
DA:195,0
DA:196,0
DA:197,0
DA:198,0
DA:199,0
DA:202,0
DA:204,0
DA:205,0
DA:209,0
DA:213,0
DA:217,0
DA:218,0
DA:221,0
DA:222,0
DA:223,0
DA:224,0
DA:225,0
DA:226,0
DA:232,0
DA:238,0
DA:244,1
DA:245,0
DA:246,0
DA:249,0
DA:250,0
DA:252,0
DA:254,0
DA:255,0
DA:256,0
DA:257,0
DA:258,0
DA:260,0
DA:261,0
DA:262,0
DA:266,0
DA:268,0
DA:269,0
DA:270,0
DA:271,0
DA:272,0
DA:275,0
DA:276,0
DA:279,0
DA:280,0
DA:281,0
DA:282,0
DA:283,0
DA:285,0
DA:286,0
DA:290,0
DA:295,1
DA:296,0
DA:297,0
DA:298,0
DA:299,0
DA:300,0
DA:301,0
DA:303,0
DA:304,0
DA:305,0
DA:306,0
DA:307,0
DA:308,0
DA:309,0
DA:310,0
DA:311,0
DA:313,0
DA:314,0
DA:316,0
DA:318,0
DA:320,1
DA:321,0
DA:323,0
DA:324,0
DA:325,0
DA:326,0
DA:327,0
DA:328,0
DA:329,0
DA:330,0
DA:331,0
DA:332,0
DA:335,0
DA:337,1
LF:162
LH:61
BRDA:94,0,0,1
BRDA:94,0,1,0
BRDA:67,1,0,2
BRDA:67,1,1,0
BRDA:73,2,0,2
BRDA:73,2,1,0
BRDA:79,3,0,0
BRDA:79,3,1,2
BRDA:79,4,0,2
BRDA:79,4,1,2
BRDA:79,4,2,2
BRDA:112,5,0,1
BRDA:112,5,1,0
BRDA:145,6,0,0
BRDA:145,6,1,0
BRDA:164,7,0,0
BRDA:164,7,1,0
BRDA:204,8,0,0
BRDA:204,8,1,0
BRDA:217,9,0,0
BRDA:217,9,1,0
BRDA:245,10,0,0
BRDA:245,10,1,0
BRDA:250,11,0,0
BRDA:250,11,1,0
BRDA:255,12,0,0
BRDA:255,12,1,0
BRDA:255,13,0,0
BRDA:255,13,1,0
BRDA:255,13,2,0
BRDA:282,14,0,0
BRDA:282,14,1,0
BRDA:309,15,0,0
BRDA:309,15,1,0
BRDA:325,16,0,0
BRDA:325,16,1,0
BRDA:325,17,0,0
BRDA:325,17,1,0
BRDA:325,17,2,0
BRDA:325,17,3,0
BRF:40
BRH:8
end_of_record
TN:
SF:D:\srccodes\git\achihui\src\app\finance\document-detail\document-detail.component.ts
FN:28,(anonymous_2)
FN:58,DocumentDetailComponent
FN:47,(anonymous_4)
FN:50,(anonymous_5)
FN:72,(anonymous_6)
FN:89,(anonymous_7)
FN:102,(anonymous_8)
FN:122,(anonymous_9)
FN:145,(anonymous_10)
FN:166,(anonymous_11)
FN:171,(anonymous_12)
FN:199,(anonymous_13)
FNF:12
FNH:9
FNDA:1,(anonymous_2)
FNDA:1,DocumentDetailComponent
FNDA:20,(anonymous_4)
FNDA:4,(anonymous_5)
FNDA:1,(anonymous_6)
FNDA:1,(anonymous_7)
FNDA:1,(anonymous_8)
FNDA:0,(anonymous_9)
FNDA:0,(anonymous_10)
FNDA:1,(anonymous_11)
FNDA:14,(anonymous_12)
FNDA:0,(anonymous_13)
DA:1,1
DA:2,1
DA:3,1
DA:4,1
DA:5,1
DA:6,1
DA:8,1
DA:9,1
DA:12,1
DA:13,1
DA:14,1
DA:28,1
DA:29,1
DA:33,1
DA:34,1
DA:35,1
DA:38,1
DA:41,1
DA:43,1
DA:44,1
DA:47,1
DA:48,20
DA:50,1
DA:51,4
DA:52,4
DA:55,0
DA:58,1
DA:59,1
DA:60,1
DA:61,1
DA:62,1
DA:63,1
DA:64,1
DA:65,1
DA:66,1
DA:67,1
DA:69,1
DA:72,1
DA:73,1
DA:74,1
DA:77,1
DA:79,1
DA:90,1
DA:91,1
DA:95,1
DA:96,1
DA:97,1
DA:99,1
DA:100,1
DA:102,1
DA:103,1
DA:104,1
DA:106,1
DA:107,1
DA:109,1
DA:110,0
DA:111,0
DA:113,0
DA:114,0
DA:115,0
DA:117,0
DA:119,1
DA:121,1
DA:122,0
DA:123,0
DA:124,0
DA:125,0
DA:128,0
DA:129,0
DA:131,0
DA:132,0
DA:135,0
DA:139,0
DA:142,0
DA:146,0
DA:147,0
DA:150,0
DA:156,0
DA:162,0
DA:166,1
DA:167,1
DA:168,1
DA:171,1
DA:172,14
DA:174,2
DA:177,2
DA:180,2
DA:183,2
DA:186,2
DA:189,2
DA:192,2
DA:195,0
DA:199,1
DA:200,0
DA:202,1
LF:95
LH:70
BRDA:66,0,0,1
BRDA:66,0,1,0
BRDA:48,1,0,20
BRDA:48,1,1,20
BRDA:51,2,0,4
BRDA:51,2,1,0
BRDA:51,3,0,4
BRDA:51,3,1,4
BRDA:73,4,0,1
BRDA:73,4,1,0
BRDA:90,5,0,1
BRDA:90,5,1,0
BRDA:103,6,0,1
BRDA:103,6,1,0
BRDA:103,7,0,1
BRDA:103,7,1,1
BRDA:104,8,0,1
BRDA:104,8,1,0
BRDA:106,9,0,1
BRDA:106,9,1,0
BRDA:110,10,0,0
BRDA:110,10,1,0
BRDA:114,11,0,0
BRDA:114,11,1,0
BRDA:121,12,0,0
BRDA:121,12,1,1
BRDA:121,13,0,1
BRDA:121,13,1,1
BRDA:123,14,0,0
BRDA:123,14,1,0
BRDA:124,15,0,0
BRDA:124,15,1,0
BRDA:131,16,0,0
BRDA:131,16,1,0
BRDA:146,17,0,0
BRDA:146,17,1,0
BRDA:152,18,0,0
BRDA:152,18,1,0
BRDA:173,19,0,2
BRDA:173,19,1,2
BRDA:173,19,2,2
BRDA:173,19,3,2
BRDA:173,19,4,2
BRDA:173,19,5,2
BRDA:173,19,6,2
BRDA:173,19,7,0
BRF:46
BRH:23
end_of_record
TN:
SF:D:\srccodes\git\achihui\src\app\finance\document-exchange-create\document-exchange-create.component.ts
FN:29,(anonymous_2)
FN:89,DocumentExchangeCreateComponent
FN:53,(anonymous_4)
FN:61,(anonymous_5)
FN:67,(anonymous_6)
FN:75,(anonymous_7)
FN:81,(anonymous_8)
FN:102,(anonymous_9)
FN:143,(anonymous_10)
FN:158,(anonymous_11)
FN:169,(anonymous_12)
FN:176,(anonymous_13)
FN:179,(anonymous_14)
FN:182,(anonymous_15)
FN:197,(anonymous_16)
FN:218,(anonymous_17)
FN:224,(anonymous_18)
FN:254,(anonymous_19)
FN:279,(anonymous_20)
FN:286,(anonymous_21)
FN:290,(anonymous_22)
FN:296,(anonymous_23)
FN:304,(anonymous_24)
FN:313,(anonymous_25)
FN:318,(anonymous_26)
FN:330,(anonymous_27)
FN:339,(anonymous_28)
FNF:27
FNH:10
FNDA:1,(anonymous_2)
FNDA:1,DocumentExchangeCreateComponent
FNDA:2,(anonymous_4)
FNDA:4,(anonymous_5)
FNDA:2,(anonymous_6)
FNDA:4,(anonymous_7)
FNDA:2,(anonymous_8)
FNDA:1,(anonymous_9)
FNDA:1,(anonymous_10)
FNDA:1,(anonymous_11)
FNDA:0,(anonymous_12)
FNDA:0,(anonymous_13)
FNDA:0,(anonymous_14)
FNDA:0,(anonymous_15)
FNDA:0,(anonymous_16)
FNDA:0,(anonymous_17)
FNDA:0,(anonymous_18)
FNDA:0,(anonymous_19)
FNDA:0,(anonymous_20)
FNDA:0,(anonymous_21)
FNDA:0,(anonymous_22)
FNDA:0,(anonymous_23)
FNDA:0,(anonymous_24)
FNDA:0,(anonymous_25)
FNDA:0,(anonymous_26)
FNDA:0,(anonymous_27)
FNDA:0,(anonymous_28)
DA:1,1
DA:4,1
DA:5,1
DA:6,1
DA:8,1
DA:9,1
DA:10,1
DA:11,1
DA:13,1
DA:14,1
DA:20,1
DA:21,1
DA:22,1
DA:29,1
DA:32,1
DA:35,1
DA:38,1
DA:46,1
DA:47,1
DA:48,1
DA:51,1
DA:53,1
DA:54,2
DA:55,2
DA:56,2
DA:59,0
DA:61,1
DA:62,4
DA:63,4
DA:64,4
DA:67,1
DA:68,2
DA:69,0
DA:72,2
DA:75,1
DA:76,4
DA:77,4
DA:78,4
DA:81,1
DA:82,2
DA:83,0
DA:86,2
DA:89,1
DA:90,1
DA:91,1
DA:92,1
DA:93,1
DA:94,1
DA:95,1
DA:96,1
DA:97,1
DA:98,1
DA:102,1
DA:103,1
DA:104,1
DA:107,1
DA:109,1
DA:114,1
DA:123,1
DA:131,1
DA:133,1
DA:144,1
DA:145,1
DA:149,1
DA:150,1
DA:151,1
DA:153,1
DA:154,1
DA:158,1
DA:159,1
DA:160,1
DA:162,1
DA:163,1
DA:164,1
DA:169,1
DA:170,0
DA:171,0
DA:172,0
DA:176,1
DA:177,0
DA:179,0
DA:182,1
DA:183,0
DA:184,0
DA:188,0
DA:189,0
DA:190,0
DA:191,0
DA:192,0
DA:193,0
DA:194,0
DA:197,0
DA:198,0
DA:199,0
DA:200,0
DA:201,0
DA:202,0
DA:203,0
DA:204,0
DA:205,0
DA:211,0
DA:218,1
DA:219,0
DA:220,0
DA:224,1
DA:225,0
DA:228,0
DA:238,0
DA:244,0
DA:250,0
DA:253,0
DA:254,0
DA:255,0
DA:256,0
DA:260,0
DA:261,0
DA:262,0
DA:263,0
DA:264,0
DA:265,0
DA:270,0
DA:271,0
DA:272,0
DA:273,0
DA:274,0
DA:275,0
DA:276,0
DA:279,0
DA:280,0
DA:285,0
DA:286,0
DA:287,0
DA:290,0
DA:292,0
DA:293,0
DA:297,0
DA:298,0
DA:302,0
DA:306,0
DA:311,0
DA:315,0
DA:320,0
DA:326,0
DA:332,0
DA:333,0
DA:339,1
DA:340,0
DA:341,0
DA:342,0
DA:343,0
DA:344,0
DA:345,0
DA:346,0
DA:348,0
DA:349,0
DA:350,0
DA:351,0
DA:352,0
DA:353,0
DA:354,0
DA:355,0
DA:356,0
DA:358,0
DA:359,0
DA:360,0
DA:361,0
DA:362,0
DA:363,0
DA:364,0
DA:365,0
DA:366,0
DA:367,0
DA:369,0
DA:371,1
LF:174
LH:78
BRDA:97,0,0,1
BRDA:97,0,1,0
BRDA:55,1,0,2
BRDA:55,1,1,0
BRDA:55,2,0,2
BRDA:55,2,1,2
BRDA:55,2,2,2
BRDA:63,3,0,4
BRDA:63,3,1,0
BRDA:68,4,0,0
BRDA:68,4,1,2
BRDA:68,5,0,2
BRDA:68,5,1,0
BRDA:77,6,0,4
BRDA:77,6,1,0
BRDA:82,7,0,0
BRDA:82,7,1,2
BRDA:82,8,0,2
BRDA:82,8,1,0
BRDA:103,9,0,1
BRDA:103,9,1,0
BRDA:144,10,0,1
BRDA:144,10,1,0
BRDA:159,11,0,1
BRDA:159,11,1,0
BRDA:162,12,0,1
BRDA:162,12,1,0
BRDA:178,13,0,0
BRDA:178,13,1,0
BRDA:183,14,0,0
BRDA:183,14,1,0
BRDA:188,15,0,0
BRDA:188,15,1,0
BRDA:191,16,0,0
BRDA:191,16,1,0
BRDA:193,17,0,0
BRDA:193,17,1,0
BRDA:198,18,0,0
BRDA:198,18,1,0
BRDA:198,19,0,0
BRDA:198,19,1,0
BRDA:200,20,0,0
BRDA:200,20,1,0
BRDA:200,21,0,0
BRDA:200,21,1,0
BRDA:200,21,2,0
BRDA:202,22,0,0
BRDA:202,22,1,0
BRDA:219,23,0,0
BRDA:219,23,1,0
BRDA:228,24,0,0
BRDA:228,24,1,0
BRDA:255,25,0,0
BRDA:255,25,1,0
BRDA:262,26,0,0
BRDA:262,26,1,0
BRDA:264,27,0,0
BRDA:264,27,1,0
BRDA:270,28,0,0
BRDA:270,28,1,0
BRDA:271,29,0,0
BRDA:271,29,1,0
BRDA:274,30,0,0
BRDA:274,30,1,0
BRDA:292,31,0,0
BRDA:292,31,1,0
BRDA:297,32,0,0
BRDA:297,32,1,0
BRDA:332,33,0,0
BRDA:332,33,1,0
BRF:70
BRH:15
end_of_record
TN:
SF:D:\srccodes\git\achihui\src\app\finance\document-item-by-account\document-item-by-account.component.ts
FN:16,(anonymous_2)
FN:51,DocumentItemByAccountComponent
FN:29,(anonymous_4)
FN:32,(anonymous_5)
FN:47,(anonymous_6)
FN:40,(anonymous_7)
FN:61,(anonymous_8)
FN:67,(anonymous_9)
FN:76,(anonymous_10)
FN:82,(anonymous_11)
FN:87,(anonymous_12)
FN:98,(anonymous_13)
FN:113,(anonymous_14)
FN:117,(anonymous_15)
FN:120,(anonymous_16)
FNF:15
FNH:10
FNDA:1,(anonymous_2)
FNDA:1,DocumentItemByAccountComponent
FNDA:0,(anonymous_4)
FNDA:0,(anonymous_5)
FNDA:0,(anonymous_6)
FNDA:0,(anonymous_7)
FNDA:1,(anonymous_8)
FNDA:1,(anonymous_9)
FNDA:1,(anonymous_10)
FNDA:1,(anonymous_11)
FNDA:3,(anonymous_12)
FNDA:3,(anonymous_13)
FNDA:0,(anonymous_14)
FNDA:3,(anonymous_15)
FNDA:1,(anonymous_16)
DA:1,1
DA:3,1
DA:4,1
DA:5,1
DA:6,1
DA:7,1
DA:9,1
DA:16,1
DA:21,1
DA:22,1
DA:25,1
DA:26,1
DA:29,2
DA:30,0
DA:33,0
DA:34,0
DA:35,0
DA:40,2
DA:41,0
DA:42,0
DA:44,0
DA:47,0
DA:49,1
DA:52,1
DA:53,1
DA:54,1
DA:55,1
DA:56,1
DA:57,1
DA:61,1
DA:62,1
DA:63,1
DA:65,1
DA:67,1
DA:76,1
DA:77,1
DA:78,1
DA:82,1
DA:84,1
DA:88,3
DA:89,3
DA:92,0
DA:93,0
DA:95,0
DA:100,3
DA:101,3
DA:103,3
DA:104,3
DA:105,0
DA:106,0
DA:107,0
DA:108,0
DA:111,3
DA:114,0
DA:115,0
DA:117,3
DA:120,1
DA:121,1
DA:122,1
DA:124,1
DA:125,1
DA:127,1
LF:62
LH:45
BRDA:56,0,0,1
BRDA:56,0,1,0
BRDA:33,1,0,0
BRDA:33,1,1,0
BRDA:33,2,0,0
BRDA:33,2,1,0
BRDA:41,3,0,0
BRDA:41,3,1,0
BRDA:41,4,0,0
BRDA:41,4,1,0
BRDA:62,5,0,1
BRDA:62,5,1,0
BRDA:77,6,0,1
BRDA:77,6,1,0
BRDA:88,7,0,3
BRDA:88,7,1,0
BRDA:104,8,0,0
BRDA:104,8,1,3
BRDA:104,9,0,3
BRDA:104,9,1,3
BRDA:104,9,2,0
BRDA:104,9,3,0
BRDA:121,10,0,1
BRDA:121,10,1,0
BRF:24
BRH:8
end_of_record
TN:
SF:D:\srccodes\git\achihui\src\app\finance\document-item-by-account-category\document-item-by-account-category.component.ts
FN:17,(anonymous_2)
FN:53,DocumentItemByAccountCategoryComponent
FN:30,(anonymous_4)
FN:33,(anonymous_5)
FN:43,(anonymous_6)
FN:63,(anonymous_7)
FN:72,(anonymous_8)
FN:82,(anonymous_9)
FN:87,(anonymous_10)
FN:93,(anonymous_11)
FN:102,(anonymous_12)
FN:109,(anonymous_13)
FN:131,(anonymous_14)
FN:135,(anonymous_15)
FN:138,(anonymous_16)
FNF:15
FNH:8
FNDA:1,(anonymous_2)
FNDA:1,DocumentItemByAccountCategoryComponent
FNDA:0,(anonymous_4)
FNDA:0,(anonymous_5)
FNDA:0,(anonymous_6)
FNDA:1,(anonymous_7)
FNDA:1,(anonymous_8)
FNDA:1,(anonymous_9)
FNDA:1,(anonymous_10)
FNDA:3,(anonymous_11)
FNDA:0,(anonymous_12)
FNDA:0,(anonymous_13)
FNDA:0,(anonymous_14)
FNDA:0,(anonymous_15)
FNDA:1,(anonymous_16)
DA:1,1
DA:3,1
DA:4,1
DA:6,1
DA:8,1
DA:9,1
DA:10,1
DA:17,1
DA:21,1
DA:22,1
DA:23,1
DA:26,1
DA:27,1
DA:30,2
DA:31,0
DA:34,0
DA:35,0
DA:36,0
DA:40,1
DA:43,2
DA:44,0
DA:45,0
DA:48,0
DA:51,1
DA:54,1
DA:55,1
DA:56,1
DA:57,1
DA:58,1
DA:59,1
DA:63,1
DA:64,1
DA:65,1
DA:68,1
DA:69,1
DA:74,1
DA:82,1
DA:83,1
DA:84,1
DA:87,1
DA:89,1
DA:94,3
DA:95,0
DA:98,3
DA:99,3
DA:101,3
DA:102,3
DA:103,0
DA:107,3
DA:111,0
DA:112,0
DA:114,0
DA:115,0
DA:116,0
DA:117,0
DA:118,0
DA:119,0
DA:120,0
DA:121,0
DA:122,0
DA:129,0
DA:132,0
DA:133,0
DA:135,0
DA:138,1
DA:139,1
DA:140,1
DA:142,1
DA:143,1
DA:145,1
LF:70
LH:46
BRDA:58,0,0,1
BRDA:58,0,1,0
BRDA:34,1,0,0
BRDA:34,1,1,0
BRDA:34,2,0,0
BRDA:34,2,1,0
BRDA:44,3,0,0
BRDA:44,3,1,0
BRDA:64,4,0,1
BRDA:64,4,1,0
BRDA:83,5,0,1
BRDA:83,5,1,0
BRDA:94,6,0,0
BRDA:94,6,1,3
BRDA:115,7,0,0
BRDA:115,7,1,0
BRDA:118,8,0,0
BRDA:118,8,1,0
BRDA:118,9,0,0
BRDA:118,9,1,0
BRDA:118,9,2,0
BRDA:118,9,3,0
BRDA:139,10,0,1
BRDA:139,10,1,0
BRF:24
BRH:5
end_of_record
TN:
SF:D:\srccodes\git\achihui\src\app\finance\document-item-by-control-center\document-item-by-control-center.component.ts
FN:16,(anonymous_2)
FN:51,DocumentItemByControlCenterComponent
FN:29,(anonymous_4)
FN:32,(anonymous_5)
FN:47,(anonymous_6)
FN:40,(anonymous_7)
FN:61,(anonymous_8)
FN:67,(anonymous_9)
FN:76,(anonymous_10)
FN:82,(anonymous_11)
FN:87,(anonymous_12)
FN:97,(anonymous_13)
FN:112,(anonymous_14)
FN:116,(anonymous_15)
FN:119,(anonymous_16)
FNF:15
FNH:10
FNDA:1,(anonymous_2)
FNDA:1,DocumentItemByControlCenterComponent
FNDA:0,(anonymous_4)
FNDA:0,(anonymous_5)
FNDA:0,(anonymous_6)
FNDA:0,(anonymous_7)
FNDA:1,(anonymous_8)
FNDA:1,(anonymous_9)
FNDA:1,(anonymous_10)
FNDA:1,(anonymous_11)
FNDA:3,(anonymous_12)
FNDA:3,(anonymous_13)
FNDA:0,(anonymous_14)
FNDA:3,(anonymous_15)
FNDA:1,(anonymous_16)
DA:1,1
DA:3,1
DA:4,1
DA:5,1
DA:7,1
DA:8,1
DA:9,1
DA:16,1
DA:21,1
DA:22,1
DA:25,1
DA:26,1
DA:29,2
DA:30,0
DA:33,0
DA:34,0
DA:35,0
DA:40,2
DA:41,0
DA:42,0
DA:43,0
DA:47,0
DA:49,1
DA:52,1
DA:53,1
DA:54,1
DA:55,1
DA:56,1
DA:57,1
DA:61,1
DA:62,1
DA:63,1
DA:66,1
DA:67,1
DA:76,1
DA:77,1
DA:78,1
DA:82,1
DA:84,1
DA:88,3
DA:89,3
DA:92,0
DA:93,0
DA:94,0
DA:99,3
DA:100,3
DA:102,3
DA:103,3
DA:104,0
DA:105,0
DA:106,0
DA:107,0
DA:110,3
DA:113,0
DA:114,0
DA:116,3
DA:119,1
DA:120,1
DA:121,1
DA:123,1
DA:124,1
DA:126,1
LF:62
LH:45
BRDA:56,0,0,1
BRDA:56,0,1,0
BRDA:33,1,0,0
BRDA:33,1,1,0
BRDA:33,2,0,0
BRDA:33,2,1,0
BRDA:41,3,0,0
BRDA:41,3,1,0
BRDA:41,4,0,0
BRDA:41,4,1,0
BRDA:62,5,0,1
BRDA:62,5,1,0
BRDA:77,6,0,1
BRDA:77,6,1,0
BRDA:88,7,0,3
BRDA:88,7,1,0
BRDA:103,8,0,0
BRDA:103,8,1,3
BRDA:103,9,0,3
BRDA:103,9,1,0
BRDA:103,9,2,0
BRDA:120,10,0,1
BRDA:120,10,1,0
BRF:23
BRH:7
end_of_record
TN:
SF:D:\srccodes\git\achihui\src\app\finance\document-item-overview\document-item-overview.component.ts
FN:23,(anonymous_8)
FN:24,TmpDocStillOpenDataSource
FN:30,(anonymous_10)
FN:36,(anonymous_11)
FN:45,(anonymous_12)
FN:55,(anonymous_13)
FN:72,DocumentItemOverviewComponent
FN:100,(anonymous_15)
FN:107,(anonymous_16)
FN:122,(anonymous_17)
FN:128,(anonymous_18)
FN:146,(anonymous_19)
FN:152,(anonymous_20)
FN:162,(anonymous_21)
FN:165,(anonymous_22)
FN:166,(anonymous_23)
FN:169,(anonymous_24)
FN:251,(anonymous_25)
FN:253,(anonymous_26)
FN:254,(anonymous_27)
FN:261,(anonymous_28)
FN:269,(anonymous_29)
FN:274,(anonymous_30)
FN:334,(anonymous_31)
FN:344,(anonymous_32)
FN:349,(anonymous_33)
FN:363,(anonymous_35)
FN:378,(anonymous_36)
FN:387,(anonymous_37)
FN:390,(anonymous_38)
FN:397,(anonymous_39)
FN:403,(anonymous_40)
FN:407,(anonymous_41)
FN:419,(anonymous_42)
FN:422,(anonymous_43)
FN:425,(anonymous_44)
FN:428,(anonymous_45)
FN:431,(anonymous_46)
FN:434,(anonymous_47)
FN:437,(anonymous_48)
FN:440,(anonymous_49)
FN:443,(anonymous_50)
FN:446,(anonymous_51)
FN:449,(anonymous_52)
FN:453,(anonymous_53)
FN:456,(anonymous_54)
FN:460,(anonymous_55)
FN:481,(anonymous_56)
FN:485,(anonymous_57)
FN:487,(anonymous_58)
FN:488,(anonymous_59)
FNF:51
FNH:4
FNDA:1,(anonymous_8)
FNDA:0,TmpDocStillOpenDataSource
FNDA:0,(anonymous_10)
FNDA:0,(anonymous_11)
FNDA:0,(anonymous_12)
FNDA:1,(anonymous_13)
FNDA:1,DocumentItemOverviewComponent
FNDA:0,(anonymous_15)
FNDA:0,(anonymous_16)
FNDA:0,(anonymous_17)
FNDA:0,(anonymous_18)
FNDA:0,(anonymous_19)
FNDA:0,(anonymous_20)
FNDA:0,(anonymous_21)
FNDA:0,(anonymous_22)
FNDA:0,(anonymous_23)
FNDA:0,(anonymous_24)
FNDA:0,(anonymous_25)
FNDA:0,(anonymous_26)
FNDA:0,(anonymous_27)
FNDA:0,(anonymous_28)
FNDA:0,(anonymous_29)
FNDA:0,(anonymous_30)
FNDA:1,(anonymous_31)
FNDA:0,(anonymous_32)
FNDA:0,(anonymous_33)
FNDA:0,(anonymous_35)
FNDA:0,(anonymous_36)
FNDA:0,(anonymous_37)
FNDA:0,(anonymous_38)
FNDA:0,(anonymous_39)
FNDA:0,(anonymous_40)
FNDA:0,(anonymous_41)
FNDA:0,(anonymous_42)
FNDA:0,(anonymous_43)
FNDA:0,(anonymous_44)
FNDA:0,(anonymous_45)
FNDA:0,(anonymous_46)
FNDA:0,(anonymous_47)
FNDA:0,(anonymous_48)
FNDA:0,(anonymous_49)
FNDA:0,(anonymous_50)
FNDA:0,(anonymous_51)
FNDA:0,(anonymous_52)
FNDA:0,(anonymous_53)
FNDA:0,(anonymous_54)
FNDA:0,(anonymous_55)
FNDA:0,(anonymous_56)
FNDA:0,(anonymous_57)
FNDA:0,(anonymous_58)
FNDA:0,(anonymous_59)
DA:1,1
DA:2,1
DA:3,1
DA:4,1
DA:5,1
DA:6,1
DA:7,1
DA:10,1
DA:11,1
DA:16,1
DA:18,1
DA:23,1
DA:24,0
DA:25,0
DA:26,0
DA:30,1
DA:31,0
DA:36,0
DA:37,0
DA:40,0
DA:41,0
DA:45,1
DA:48,1
DA:55,1
DA:60,1
DA:62,1
DA:63,1
DA:64,1
DA:73,1
DA:74,1
DA:75,1
DA:76,1
DA:77,1
DA:78,1
DA:79,1
DA:80,1
DA:81,1
DA:84,1
DA:85,1
DA:86,1
DA:88,1
DA:89,1
DA:90,0
DA:91,0
DA:93,0
DA:96,1
DA:100,1
DA:101,0
DA:102,0
DA:105,0
DA:107,0
DA:108,0
DA:109,0
DA:111,0
DA:115,0
DA:116,0
DA:118,0
DA:124,0
DA:128,1
DA:129,0
DA:130,0
DA:134,0
DA:135,0
DA:136,0
DA:137,0
DA:138,0
DA:142,0
DA:145,0
DA:146,0
DA:147,0
DA:151,0
DA:153,0
DA:154,0
DA:160,0
DA:163,0
DA:164,0
DA:165,0
DA:166,0
DA:167,0
DA:169,0
DA:170,0
DA:172,0
DA:173,0
DA:174,0
DA:176,0
DA:177,0
DA:178,0
DA:179,0
DA:181,0
DA:182,0
DA:184,0
DA:185,0
DA:189,0
DA:190,0
DA:196,0
DA:199,0
DA:205,0
DA:212,0
DA:215,0
DA:220,0
DA:244,0
DA:249,0
DA:252,0
DA:253,0
DA:254,0
DA:255,0
DA:257,0
DA:258,0
DA:261,0
DA:262,0
DA:263,0
DA:266,0
DA:267,0
DA:268,0
DA:269,0
DA:270,0
DA:271,0
DA:272,0
DA:274,0
DA:275,0
DA:276,0
DA:277,0
DA:279,0
DA:284,0
DA:285,0
DA:288,0
DA:289,0
DA:292,0
DA:295,0
DA:301,0
DA:308,0
DA:313,0
DA:316,0
DA:329,0
DA:334,1
DA:335,1
DA:336,1
DA:338,1
DA:339,0
DA:340,0
DA:344,1
DA:345,0
DA:346,0
DA:350,0
DA:352,0
DA:353,0
DA:354,0
DA:355,0
DA:356,0
DA:359,0
DA:360,0
DA:361,0
DA:362,0
DA:363,0
DA:364,0
DA:366,0
DA:367,0
DA:368,0
DA:370,0
DA:373,0
DA:378,0
DA:379,0
DA:380,0
DA:383,0
DA:387,1
DA:388,0
DA:390,0
DA:392,0
DA:397,0
DA:399,0
DA:403,0
DA:405,0
DA:409,0
DA:410,0
DA:413,0
DA:414,0
DA:415,0
DA:419,1
DA:420,0
DA:422,1
DA:423,0
DA:425,1
DA:426,0
DA:428,1
DA:429,0
DA:431,1
DA:432,0
DA:434,1
DA:435,0
DA:437,1
DA:438,0
DA:440,1
DA:441,0
DA:443,1
DA:444,0
DA:446,1
DA:447,0
DA:449,1
DA:450,0
DA:453,1
DA:454,0
DA:456,1
DA:457,0
DA:460,1
DA:461,0
DA:462,0
DA:463,0
DA:464,0
DA:465,0
DA:466,0
DA:469,0
DA:470,0
DA:471,0
DA:472,0
DA:473,0
DA:477,0
DA:480,0
DA:481,0
DA:482,0
DA:485,0
DA:487,0
DA:488,0
DA:489,0
DA:493,0
DA:494,0
DA:496,0
DA:501,0
DA:507,0
DA:510,0
DA:516,0
DA:523,0
DA:528,0
DA:531,0
DA:532,0
DA:533,0
DA:545,0
DA:547,1
LF:237
LH:58
BRDA:26,0,0,0
BRDA:26,0,1,0
BRDA:80,1,0,1
BRDA:80,1,1,0
BRDA:89,2,0,0
BRDA:89,2,1,1
BRDA:90,3,0,0
BRDA:90,3,1,0
BRDA:101,4,0,0
BRDA:101,4,1,0
BRDA:108,5,0,0
BRDA:108,5,1,0
BRDA:129,6,0,0
BRDA:129,6,1,0
BRDA:153,7,0,0
BRDA:153,7,1,0
BRDA:153,8,0,0
BRDA:153,8,1,0
BRDA:167,9,0,0
BRDA:167,9,1,0
BRDA:167,9,2,0
BRDA:170,10,0,0
BRDA:170,10,1,0
BRDA:170,10,2,0
BRDA:172,11,0,0
BRDA:172,11,1,0
BRDA:172,12,0,0
BRDA:172,12,1,0
BRDA:178,13,0,0
BRDA:178,13,1,0
BRDA:181,14,0,0
BRDA:181,14,1,0
BRDA:257,15,0,0
BRDA:257,15,1,0
BRDA:262,16,0,0
BRDA:262,16,1,0
BRDA:263,17,0,0
BRDA:263,17,1,0
BRDA:275,18,0,0
BRDA:275,18,1,0
BRDA:276,19,0,0
BRDA:276,19,1,0
BRDA:335,20,0,1
BRDA:335,20,1,0
BRDA:338,21,0,0
BRDA:338,21,1,1
BRDA:352,22,0,0
BRDA:352,22,1,0
BRDA:352,23,0,0
BRDA:352,23,1,0
BRDA:359,24,0,0
BRDA:359,24,1,0
BRDA:359,25,0,0
BRDA:359,25,1,0
BRDA:366,26,0,0
BRDA:366,26,1,0
BRDA:367,27,0,0
BRDA:367,27,1,0
BRDA:379,28,0,0
BRDA:379,28,1,0
BRDA:380,29,0,0
BRDA:380,29,1,0
BRDA:388,30,0,0
BRDA:388,30,1,0
BRDA:409,31,0,0
BRDA:409,31,1,0
BRDA:413,32,0,0
BRDA:413,32,1,0
BRDA:489,33,0,0
BRDA:489,33,1,0
BRDA:489,33,2,0
BRDA:489,33,3,0
BRDA:493,34,0,0
BRDA:493,34,1,0
BRF:74
BRH:4
end_of_record
TN:
SF:D:\srccodes\git\achihui\src\app\finance\document-item-search-list\document-item-search-list.component.ts
FN:20,(anonymous_2)
FN:35,DocumentItemSearchListComponent
FN:74,(anonymous_4)
FN:83,(anonymous_5)
FN:95,(anonymous_6)
FN:101,(anonymous_7)
FN:107,(anonymous_8)
FN:118,(anonymous_9)
FN:130,(anonymous_10)
FN:134,(anonymous_11)
FN:137,(anonymous_12)
FN:145,(anonymous_13)
FN:148,(anonymous_14)
FN:154,(anonymous_15)
FN:155,(anonymous_16)
FN:161,(anonymous_17)
FN:164,(anonymous_18)
FNF:17
FNH:11
FNDA:1,(anonymous_2)
FNDA:1,DocumentItemSearchListComponent
FNDA:1,(anonymous_4)
FNDA:1,(anonymous_5)
FNDA:1,(anonymous_6)
FNDA:1,(anonymous_7)
FNDA:2,(anonymous_8)
FNDA:2,(anonymous_9)
FNDA:0,(anonymous_10)
FNDA:2,(anonymous_11)
FNDA:1,(anonymous_12)
FNDA:1,(anonymous_13)
FNDA:0,(anonymous_14)
FNDA:0,(anonymous_15)
FNDA:0,(anonymous_16)
FNDA:0,(anonymous_17)
FNDA:0,(anonymous_18)
DA:1,1
DA:2,1
DA:7,1
DA:8,1
DA:9,1
DA:11,1
DA:12,1
DA:13,1
DA:20,1
DA:22,1
DA:23,1
DA:24,1
DA:25,1
DA:26,1
DA:27,1
DA:28,1
DA:30,1
DA:31,1
DA:33,1
DA:35,1
DA:36,1
DA:37,1
DA:40,1
DA:41,1
DA:42,1
DA:74,1
DA:75,1
DA:76,1
DA:78,1
DA:79,1
DA:85,1
DA:87,1
DA:95,1
DA:96,1
DA:97,1
DA:101,1
DA:103,1
DA:108,2
DA:109,2
DA:112,0
DA:114,0
DA:120,2
DA:121,2
DA:122,0
DA:124,0
DA:126,2
DA:127,2
DA:131,0
DA:132,0
DA:134,2
DA:137,1
DA:138,1
DA:139,1
DA:141,1
DA:142,1
DA:145,1
DA:146,1
DA:148,1
DA:149,0
DA:150,0
DA:151,0
DA:154,1
DA:155,0
DA:156,0
DA:157,0
DA:161,1
DA:163,0
DA:164,0
DA:165,0
DA:166,0
DA:167,0
DA:169,0
DA:170,0
DA:171,0
DA:172,0
DA:174,0
DA:176,0
DA:177,0
DA:181,0
DA:182,0
DA:183,0
DA:184,0
DA:185,0
DA:187,0
DA:189,0
DA:193,0
DA:194,0
DA:195,0
DA:196,0
DA:197,0
DA:199,0
DA:201,0
DA:205,0
DA:206,0
DA:207,0
DA:208,0
DA:209,0
DA:211,0
DA:213,0
DA:217,0
DA:219,0
DA:223,0
DA:225,1
LF:103
LH:55
BRDA:36,0,0,1
BRDA:36,0,1,0
BRDA:75,1,0,1
BRDA:75,1,1,0
BRDA:96,2,0,1
BRDA:96,2,1,0
BRDA:108,3,0,2
BRDA:108,3,1,0
BRDA:121,4,0,0
BRDA:121,4,1,2
BRDA:121,5,0,2
BRDA:121,5,1,2
BRDA:138,6,0,1
BRDA:138,6,1,0
BRDA:150,7,0,0
BRDA:150,7,1,0
BRDA:156,8,0,0
BRDA:156,8,1,0
BRDA:168,9,0,0
BRDA:168,9,1,0
BRDA:168,9,2,0
BRDA:168,9,3,0
BRDA:168,9,4,0
BRDA:171,10,0,0
BRDA:171,10,1,0
BRDA:184,11,0,0
BRDA:184,11,1,0
BRDA:196,12,0,0
BRDA:196,12,1,0
BRDA:208,13,0,0
BRDA:208,13,1,0
BRF:31
BRH:8
end_of_record
TN:
SF:D:\srccodes\git\achihui\src\app\finance\document-list\document-list.component.ts
FN:19,(anonymous_2)
FN:31,DocumentListComponent
FN:42,(anonymous_4)
FN:52,(anonymous_5)
FN:61,(anonymous_6)
FN:65,(anonymous_7)
FN:80,(anonymous_8)
FN:94,(anonymous_9)
FN:103,(anonymous_10)
FN:111,(anonymous_11)
FN:115,(anonymous_12)
FN:119,(anonymous_13)
FN:122,(anonymous_14)
FN:125,(anonymous_15)
FN:128,(anonymous_16)
FN:131,(anonymous_17)
FN:134,(anonymous_18)
FN:137,(anonymous_19)
FN:140,(anonymous_20)
FN:143,(anonymous_21)
FN:146,(anonymous_22)
FN:149,(anonymous_23)
FN:153,(anonymous_24)
FN:157,(anonymous_25)
FN:200,(anonymous_26)
FN:203,(anonymous_27)
FN:206,(anonymous_28)
FN:209,(anonymous_29)
FN:212,(anonymous_30)
FN:215,(anonymous_31)
FN:218,(anonymous_32)
FN:221,(anonymous_33)
FN:224,(anonymous_34)
FN:228,(anonymous_35)
FN:240,(anonymous_36)
FN:247,(anonymous_37)
FN:250,(anonymous_38)
FN:262,(anonymous_39)
FNF:38
FNH:8
FNDA:1,(anonymous_2)
FNDA:1,DocumentListComponent
FNDA:1,(anonymous_4)
FNDA:1,(anonymous_5)
FNDA:2,(anonymous_6)
FNDA:2,(anonymous_7)
FNDA:0,(anonymous_8)
FNDA:2,(anonymous_9)
FNDA:1,(anonymous_10)
FNDA:0,(anonymous_11)
FNDA:0,(anonymous_12)
FNDA:0,(anonymous_13)
FNDA:0,(anonymous_14)
FNDA:0,(anonymous_15)
FNDA:0,(anonymous_16)
FNDA:0,(anonymous_17)
FNDA:0,(anonymous_18)
FNDA:0,(anonymous_19)
FNDA:0,(anonymous_20)
FNDA:0,(anonymous_21)
FNDA:0,(anonymous_22)
FNDA:0,(anonymous_23)
FNDA:0,(anonymous_24)
FNDA:0,(anonymous_25)
FNDA:0,(anonymous_26)
FNDA:0,(anonymous_27)
FNDA:0,(anonymous_28)
FNDA:0,(anonymous_29)
FNDA:0,(anonymous_30)
FNDA:0,(anonymous_31)
FNDA:0,(anonymous_32)
FNDA:0,(anonymous_33)
FNDA:0,(anonymous_34)
FNDA:0,(anonymous_35)
FNDA:0,(anonymous_36)
FNDA:0,(anonymous_37)
FNDA:0,(anonymous_38)
FNDA:0,(anonymous_39)
DA:1,1
DA:2,1
DA:3,1
DA:4,1
DA:5,1
DA:6,1
DA:7,1
DA:11,1
DA:12,1
DA:19,1
DA:21,1
DA:23,1
DA:24,1
DA:27,1
DA:31,1
DA:32,1
DA:33,1
DA:34,1
DA:35,1
DA:36,1
DA:38,1
DA:39,1
DA:42,1
DA:43,1
DA:44,1
DA:47,1
DA:48,1
DA:49,1
DA:52,1
DA:53,1
DA:54,1
DA:57,1
DA:62,2
DA:63,2
DA:66,2
DA:67,2
DA:68,0
DA:70,2
DA:73,2
DA:74,0
DA:78,2
DA:81,0
DA:87,0
DA:92,0
DA:95,2
DA:96,2
DA:100,1
DA:103,1
DA:104,1
DA:105,1
DA:107,1
DA:108,1
DA:111,1
DA:112,0
DA:115,1
DA:116,0
DA:119,1
DA:120,0
DA:122,1
DA:123,0
DA:125,1
DA:126,0
DA:128,1
DA:129,0
DA:131,1
DA:132,0
DA:134,1
DA:135,0
DA:137,1
DA:138,0
DA:140,1
DA:141,0
DA:143,1
DA:144,0
DA:146,1
DA:147,0
DA:149,1
DA:150,0
DA:153,1
DA:154,0
DA:157,1
DA:158,0
DA:161,0
DA:162,0
DA:165,0
DA:166,0
DA:169,0
DA:170,0
DA:173,0
DA:174,0
DA:177,0
DA:178,0
DA:181,0
DA:182,0
DA:185,0
DA:186,0
DA:189,0
DA:190,0
DA:193,0
DA:194,0
DA:197,0
[...]
DA:39,0
DA:40,0
DA:44,0
LF:17
LH:5
BRDA:21,0,0,0
BRDA:21,0,1,0
BRDA:28,1,0,0
BRDA:28,1,1,0
BRF:4
BRH:0
end_of_record
TN:
SF:D:\srccodes\git\achihui\src\app\tags-list\tags-list.component.ts
FN:18,(anonymous_2)
FN:27,TagsListComponent
FN:49,(anonymous_4)
FN:55,(anonymous_5)
FN:64,(anonymous_6)
FN:69,(anonymous_7)
FN:90,(anonymous_8)
FN:104,(anonymous_9)
FN:122,(anonymous_10)
FN:133,(anonymous_11)
FN:143,(anonymous_12)
FN:150,(anonymous_13)
FN:161,(anonymous_14)
FNF:13
FNH:11
FNDA:1,(anonymous_2)
FNDA:8,TagsListComponent
FNDA:6,(anonymous_4)
FNDA:0,(anonymous_5)
FNDA:6,(anonymous_6)
FNDA:5,(anonymous_7)
FNDA:4,(anonymous_8)
FNDA:50,(anonymous_9)
FNDA:1,(anonymous_10)
FNDA:8,(anonymous_11)
FNDA:1,(anonymous_12)
FNDA:1,(anonymous_13)
FNDA:0,(anonymous_14)
DA:1,1
DA:2,1
DA:3,1
DA:4,1
DA:6,1
DA:8,1
DA:9,1
DA:10,1
DA:11,1
DA:18,1
DA:22,8
DA:27,8
DA:28,8
DA:29,8
DA:30,8
DA:31,8
DA:32,8
DA:33,8
DA:36,8
DA:37,8
DA:38,8
DA:39,0
DA:40,0
DA:42,0
DA:45,8
DA:49,6
DA:50,6
DA:51,6
DA:54,6
DA:55,6
DA:56,0
DA:57,0
DA:59,0
DA:64,6
DA:65,6
DA:66,6
DA:69,6
DA:70,5
DA:71,5
DA:74,5
DA:75,1
DA:78,4
DA:79,40
DA:80,40
DA:82,40
DA:86,40
DA:89,4
DA:91,4
DA:105,50
DA:123,1
DA:124,1
DA:127,1
DA:133,1
DA:134,8
DA:135,8
DA:137,8
DA:138,6
DA:139,6
DA:143,1
DA:144,1
DA:145,1
DA:148,1
DA:151,1
DA:152,1
DA:154,2
DA:155,2
DA:161,1
DA:162,0
DA:164,1
LF:69
LH:62
BRDA:32,0,0,8
BRDA:32,0,1,0
BRDA:38,1,0,0
BRDA:38,1,1,8
BRDA:39,2,0,0
BRDA:39,2,1,0
BRDA:50,3,0,6
BRDA:50,3,1,0
BRDA:56,4,0,0
BRDA:56,4,1,0
BRDA:65,5,0,6
BRDA:65,5,1,0
BRDA:70,6,0,5
BRDA:70,6,1,0
BRDA:74,7,0,1
BRDA:74,7,1,4
BRDA:74,8,0,5
BRDA:74,8,1,5
BRDA:74,8,2,5
BRDA:123,9,0,1
BRDA:123,9,1,0
BRDA:134,10,0,8
BRDA:134,10,1,0
BRDA:137,11,0,6
BRDA:137,11,1,2
BRDA:144,12,0,1
BRDA:144,12,1,0
BRDA:151,13,0,1
BRDA:151,13,1,0
BRF:29
BRH:16
end_of_record
TN:
SF:D:\srccodes\git\achihui\src\app\theme-picker\index.ts
FNF:0
FNH:0
DA:1,1
DA:2,1
LF:2
LH:2
BRF:0
BRH:0
end_of_record
TN:
SF:D:\srccodes\git\achihui\src\app\theme-picker\theme-picker.ts
FN:31,(anonymous_2)
FN:63,ThemePicker
FN:73,(anonymous_4)
FN:75,(anonymous_5)
FN:76,(anonymous_6)
FN:79,(anonymous_7)
FN:83,(anonymous_8)
FN:84,(anonymous_9)
FN:117,(anonymous_10)
FNF:9
FNH:2
FNDA:1,(anonymous_2)
FNDA:0,ThemePicker
FNDA:0,(anonymous_4)
FNDA:0,(anonymous_5)
FNDA:0,(anonymous_6)
FNDA:0,(anonymous_7)
FNDA:0,(anonymous_8)
FNDA:0,(anonymous_9)
FNDA:1,(anonymous_10)
DA:1,1
DA:8,1
DA:15,1
DA:16,1
DA:18,1
DA:19,1
DA:20,1
DA:21,1
DA:31,1
DA:32,0
DA:35,0
DA:64,0
DA:65,0
DA:66,0
DA:67,0
DA:68,0
DA:69,0
DA:73,1
DA:74,0
DA:75,0
DA:76,0
DA:79,1
DA:80,0
DA:83,1
DA:84,0
DA:86,0
DA:87,0
DA:90,0
DA:92,0
DA:93,0
DA:95,0
DA:98,0
DA:99,0
DA:102,1
DA:117,1
LF:35
LH:14
BRDA:68,0,0,0
BRDA:68,0,1,0
BRDA:68,1,0,0
BRDA:68,1,1,0
BRDA:86,2,0,0
BRDA:86,2,1,0
BRDA:92,3,0,0
BRDA:92,3,1,0
BRDA:98,4,0,0
BRDA:98,4,1,0
BRF:10
BRH:0
end_of_record
TN:
SF:D:\srccodes\git\achihui\src\app\theme-picker\theme-storage\theme-storage.ts
FN:12,(anonymous_1)
FN:11,ThemeStorage
FN:17,(anonymous_3)
FN:27,(anonymous_4)
FN:35,(anonymous_5)
FN:44,(anonymous_6)
FNF:6
FNH:6
FNDA:1,(anonymous_1)
FNDA:1,ThemeStorage
FNDA:6,(anonymous_3)
FNDA:1,(anonymous_4)
FNDA:1,(anonymous_5)
FNDA:1,(anonymous_6)
DA:1,1
DA:12,1
DA:13,1
DA:15,1
DA:17,1
DA:18,6
DA:19,6
DA:24,6
DA:27,1
DA:28,1
DA:29,1
DA:31,0
DA:35,1
DA:36,1
DA:37,1
DA:38,1
DA:41,0
DA:44,1
DA:45,1
DA:46,1
DA:51,1
LF:21
LH:19
BRDA:29,0,0,1
BRDA:29,0,1,0
BRDA:37,1,0,1
BRDA:37,1,1,0
BRF:4
BRH:2
end_of_record
TN:
SF:D:\srccodes\git\achihui\src\app\user-detail\user-detail.component.ts
FN:14,(anonymous_2)
FN:19,UserDetailComponent
FN:25,(anonymous_4)
FN:30,(anonymous_5)
FN:35,(anonymous_6)
FN:39,(anonymous_7)
FN:44,(anonymous_8)
FNF:7
FNH:6
FNDA:1,(anonymous_2)
FNDA:1,UserDetailComponent
FNDA:1,(anonymous_4)
FNDA:1,(anonymous_5)
FNDA:0,(anonymous_6)
FNDA:1,(anonymous_7)
FNDA:1,(anonymous_8)
DA:1,1
DA:2,1
DA:3,1
DA:5,1
DA:6,1
DA:7,1
DA:14,1
DA:19,1
DA:20,1
DA:21,1
DA:25,1
DA:26,1
DA:27,1
DA:29,1
DA:30,1
DA:31,1
DA:32,1
DA:34,1
DA:36,0
DA:37,0
DA:44,1
DA:45,1
DA:46,1
DA:49,1
DA:50,1
DA:51,1
DA:54,1
LF:27
LH:25
BRDA:20,0,0,1
BRDA:20,0,1,0
BRDA:26,1,0,1
BRDA:26,1,1,0
BRDA:31,2,0,1
BRDA:31,2,1,0
BRDA:36,3,0,0
BRDA:36,3,1,0
BRDA:45,4,0,1
BRDA:45,4,1,0
BRDA:49,5,0,1
BRDA:49,5,1,0
BRF:12
BRH:5
end_of_record
TN:
SF:D:\srccodes\git\achihui\src\app\utility\animation.ts
FNF:0
FNH:0
DA:1,1
DA:3,1
DA:11,1
LF:3
LH:3
BRF:0
BRH:0
end_of_record
TN:
SF:D:\srccodes\git\achihui\src\app\utility\app.animation.ts
FNF:0
FNH:0
DA:1,1
DA:3,1
DA:23,1
DA:46,1
LF:4
LH:4
BRF:0
BRH:0
end_of_record
TN:
SF:D:\srccodes\git\achihui\src\app\utility\app.paginator.ts
FN:3,(anonymous_0)
FN:8,(anonymous_2)
FNF:2
FNH:1
FNDA:1,(anonymous_0)
FNDA:0,(anonymous_2)
DA:3,1
DA:4,0
DA:5,0
DA:6,0
DA:8,1
DA:9,0
DA:10,0
DA:12,0
DA:13,0
DA:15,0
DA:18,0
DA:20,1
LF:12
LH:3
BRDA:9,0,0,0
BRDA:9,0,1,0
BRDA:9,1,0,0
BRDA:9,1,1,0
BRDA:16,2,0,0
BRDA:16,2,1,0
BRF:6
BRH:0
end_of_record
TN:
SF:D:\srccodes\git\achihui\src\app\utility\index.ts
FNF:0
FNH:0
DA:1,1
DA:2,1
DA:3,1
LF:3
LH:3
BRF:0
BRH:0
end_of_record
TN:
SF:D:\srccodes\git\achihui\src\app\version\version.component.ts
FN:8,(anonymous_2)
FN:10,VersionComponent
FNF:2
FNH:2
FNDA:1,(anonymous_2)
FNDA:1,VersionComponent
DA:1,1
DA:8,1
DA:13,1
LF:3
LH:3
BRF:0
BRH:0
end_of_record
TN:
SF:D:\srccodes\git\achihui\src\environments\environment.ts
FNF:0
FNH:0
DA:1,1
LF:1
LH:1
BRF:0
BRH:0
end_of_record
TN:
SF:D:\srccodes\git\achihui\src\testing\activated-route-param-stub.ts
FN:8,(anonymous_0)
FN:13,ActivatedRouteParamStub
FN:21,(anonymous_2)
FNF:3
FNH:1
FNDA:1,(anonymous_0)
FNDA:0,ActivatedRouteParamStub
FNDA:0,(anonymous_2)
DA:1,1
DA:2,1
DA:8,1
DA:11,0
DA:14,0
DA:18,0
DA:21,1
DA:22,0
DA:24,1
LF:9
LH:5
BRF:0
BRH:0
end_of_record
TN:
SF:D:\srccodes\git\achihui\src\testing\activated-route-url-stub.ts
FN:8,(anonymous_0)
FN:16,ActivatedRouteUrlStub
FN:21,(anonymous_2)
FNF:3
FNH:3
FNDA:1,(anonymous_0)
FNDA:34,ActivatedRouteUrlStub
FNDA:34,(anonymous_2)
DA:2,1
DA:8,1
DA:11,34
DA:14,34
DA:17,34
DA:21,1
DA:22,34
DA:24,1
LF:8
LH:8
BRF:0
BRH:0
end_of_record
TN:
SF:D:\srccodes\git\achihui\src\testing\async-observable-helpers.ts
FN:16,asyncData
FN:17,(anonymous_1)
FN:21,asyncError
FN:22,(anonymous_3)
FNF:4
FNH:4
FNDA:607,asyncData
FNDA:553,(anonymous_1)
FNDA:35,asyncError
FNDA:35,(anonymous_3)
DA:13,1
DA:16,1
DA:17,607
DA:21,1
DA:22,35
LF:5
LH:5
BRF:0
BRH:0
end_of_record
TN:
SF:D:\srccodes\git\achihui\src\testing\fake-data-helper.ts
FN:15,(anonymous_0)
FN:49,FakeDataHelper
FN:53,(anonymous_2)
FN:58,(anonymous_3)
FN:63,(anonymous_4)
FN:68,(anonymous_5)
FN:73,(anonymous_6)
FN:78,(anonymous_7)
FN:83,(anonymous_8)
FN:88,(anonymous_9)
FN:93,(anonymous_10)
FN:98,(anonymous_11)
FN:103,(anonymous_12)
FN:108,(anonymous_13)
FN:110,(anonymous_14)
FN:115,(anonymous_15)
FN:120,(anonymous_16)
FN:125,(anonymous_17)
FN:130,(anonymous_18)
FN:135,(anonymous_19)
FN:140,(anonymous_20)
FN:145,(anonymous_21)
FN:150,(anonymous_22)
FN:155,(anonymous_23)
FN:160,(anonymous_24)
FN:165,(anonymous_25)
FN:170,(anonymous_26)
FN:175,(anonymous_27)
FN:180,(anonymous_28)
FN:185,(anonymous_29)
FN:190,(anonymous_30)
FN:198,(anonymous_31)
FN:203,(anonymous_32)
FN:208,(anonymous_33)
FN:214,(anonymous_34)
FN:228,(anonymous_35)
FN:243,(anonymous_36)
FN:256,(anonymous_37)
FN:842,(anonymous_38)
FN:875,(anonymous_39)
FN:887,(anonymous_40)
FN:900,(anonymous_41)
FN:917,(anonymous_42)
FN:936,(anonymous_43)
FN:980,(anonymous_44)
FN:1002,(anonymous_45)
FN:1025,(anonymous_46)
FN:1035,(anonymous_47)
FN:1045,(anonymous_48)
FN:1056,(anonymous_49)
FN:1066,(anonymous_50)
FN:1077,(anonymous_51)
FN:1090,(anonymous_52)
FN:1103,(anonymous_53)
FN:1114,(anonymous_54)
FN:1125,(anonymous_55)
FN:1137,(anonymous_56)
FN:1151,(anonymous_57)
FN:1154,(anonymous_58)
FNF:59
FNH:57
FNDA:1,(anonymous_0)
FNDA:215,FakeDataHelper
FNDA:82,(anonymous_2)
FNDA:6,(anonymous_3)
FNDA:271,(anonymous_4)
FNDA:85,(anonymous_5)
FNDA:6,(anonymous_6)
FNDA:96,(anonymous_7)
FNDA:6,(anonymous_8)
FNDA:12,(anonymous_9)
FNDA:6,(anonymous_10)
FNDA:94,(anonymous_11)
FNDA:6,(anonymous_12)
FNDA:3,(anonymous_13)
FNDA:195,(anonymous_14)
FNDA:118,(anonymous_15)
FNDA:6,(anonymous_16)
FNDA:108,(anonymous_17)
FNDA:6,(anonymous_18)
FNDA:78,(anonymous_19)
FNDA:6,(anonymous_20)
FNDA:16,(anonymous_21)
FNDA:29,(anonymous_22)
FNDA:66,(anonymous_23)
FNDA:8,(anonymous_24)
FNDA:8,(anonymous_25)
FNDA:6,(anonymous_26)
FNDA:0,(anonymous_27)
FNDA:8,(anonymous_28)
FNDA:4,(anonymous_29)
FNDA:2,(anonymous_30)
FNDA:2,(anonymous_31)
FNDA:2,(anonymous_32)
FNDA:6,(anonymous_33)
FNDA:82,(anonymous_34)
FNDA:5,(anonymous_35)
FNDA:171,(anonymous_36)
FNDA:115,(anonymous_37)
FNDA:89,(anonymous_38)
FNDA:39,(anonymous_39)
FNDA:147,(anonymous_40)
FNDA:6,(anonymous_41)
FNDA:5,(anonymous_42)
FNDA:39,(anonymous_43)
FNDA:5,(anonymous_44)
FNDA:0,(anonymous_45)
FNDA:6,(anonymous_46)
FNDA:5,(anonymous_47)
FNDA:8,(anonymous_48)
FNDA:8,(anonymous_49)
FNDA:4,(anonymous_50)
FNDA:4,(anonymous_51)
FNDA:2,(anonymous_52)
FNDA:76,(anonymous_53)
FNDA:39,(anonymous_54)
FNDA:76,(anonymous_55)
FNDA:39,(anonymous_56)
FNDA:6,(anonymous_57)
FNDA:4,(anonymous_58)
DA:1,1
DA:15,1
DA:46,215
DA:47,215
DA:53,1
DA:54,82
DA:55,81
DA:58,1
DA:59,6
DA:60,6
DA:63,1
DA:64,271
DA:65,271
DA:68,1
DA:69,85
DA:70,85
DA:73,1
DA:74,6
DA:75,6
DA:78,1
DA:79,96
DA:80,96
DA:83,1
DA:84,6
DA:85,6
DA:88,1
DA:89,12
DA:90,12
DA:93,1
DA:94,6
DA:95,6
DA:98,1
DA:99,94
DA:100,94
DA:103,1
DA:104,6
DA:105,6
DA:108,1
DA:109,3
DA:110,3
DA:111,195
DA:115,1
DA:116,118
DA:117,118
DA:120,1
DA:121,6
DA:122,6
DA:125,1
DA:126,108
DA:127,108
DA:130,1
DA:131,6
DA:132,6
DA:135,1
DA:136,78
DA:137,78
DA:140,1
DA:141,6
DA:142,6
DA:145,1
DA:146,16
DA:147,16
DA:150,1
DA:151,29
DA:152,29
DA:155,1
DA:156,66
DA:157,66
DA:160,1
DA:161,8
DA:162,8
DA:165,1
DA:166,8
DA:167,8
DA:170,1
DA:171,6
DA:172,6
DA:175,1
DA:176,0
DA:177,0
DA:180,1
DA:181,8
DA:182,8
DA:185,1
DA:186,4
DA:187,4
DA:190,1
DA:191,2
DA:192,2
DA:198,1
DA:199,2
DA:200,2
DA:203,1
DA:204,2
DA:205,2
DA:208,1
DA:209,6
DA:210,6
DA:214,1
DA:215,82
DA:216,82
DA:217,82
DA:218,82
DA:219,82
DA:220,82
DA:222,82
DA:223,82
DA:224,82
DA:225,82
DA:226,82
DA:228,1
DA:229,5
DA:230,5
DA:235,5
DA:236,5
DA:241,5
DA:243,1
DA:244,171
DA:245,171
DA:246,171
DA:247,171
DA:248,171
DA:249,171
DA:250,171
DA:251,171
DA:252,171
DA:253,171
DA:254,171
DA:256,1
DA:258,115
DA:259,115
DA:260,115
DA:261,115
DA:262,115
DA:263,115
DA:264,115
DA:265,115
DA:266,115
DA:267,115
DA:268,115
DA:269,115
DA:270,115
DA:271,115
DA:272,115
DA:273,115
DA:274,115
DA:275,115
DA:276,115
DA:277,115
DA:278,115
DA:279,115
DA:280,115
DA:281,115
DA:282,115
DA:283,115
DA:284,115
DA:285,115
DA:286,115
DA:287,115
DA:288,115
DA:289,115
DA:290,115
DA:291,115
DA:292,115
DA:293,115
DA:294,115
DA:295,115
DA:296,115
DA:297,115
DA:298,115
DA:299,115
DA:300,115
DA:301,115
DA:302,115
DA:303,115
DA:304,115
DA:305,115
DA:306,115
DA:307,115
DA:308,115
DA:309,115
DA:310,115
DA:311,115
DA:312,115
DA:313,115
DA:314,115
DA:315,115
DA:316,115
DA:317,115
DA:318,115
DA:321,115
DA:322,115
DA:323,115
DA:324,115
DA:325,115
DA:326,115
DA:327,115
DA:328,115
DA:329,115
DA:330,115
DA:331,115
DA:332,115
DA:333,115
DA:334,115
DA:335,115
DA:336,115
DA:337,115
DA:338,115
DA:339,115
DA:340,115
DA:341,115
DA:342,115
DA:343,115
DA:344,115
DA:345,115
DA:346,115
DA:347,115
DA:348,115
DA:349,115
DA:350,115
DA:351,115
DA:352,115
DA:353,115
DA:354,115
DA:355,115
DA:356,115
DA:357,115
DA:358,115
DA:359,115
DA:360,115
DA:361,115
DA:362,115
DA:363,115
DA:364,115
DA:365,115
DA:366,115
DA:367,115
DA:368,115
DA:369,115
DA:370,115
DA:371,115
DA:372,115
DA:373,115
DA:374,115
DA:375,115
DA:376,115
DA:377,115
DA:378,115
DA:379,115
DA:380,115
DA:381,115
DA:382,115
DA:383,115
DA:384,115
DA:385,115
DA:386,115
DA:387,115
DA:388,115
DA:389,115
DA:390,115
DA:391,115
DA:392,115
DA:393,115
DA:394,115
DA:395,115
DA:396,115
DA:397,115
DA:398,115
DA:399,115
DA:400,115
DA:401,115
DA:402,115
DA:403,115
DA:404,115
DA:405,115
DA:406,115
DA:407,115
DA:408,115
DA:409,115
DA:410,115
DA:411,115
DA:412,115
DA:413,115
DA:414,115
DA:415,115
DA:416,115
DA:417,115
DA:418,115
DA:419,115
DA:420,115
DA:421,115
DA:422,115
DA:423,115
DA:424,115
DA:425,115
DA:426,115
DA:427,115
DA:428,115
DA:429,115
DA:430,115
DA:431,115
DA:432,115
DA:433,115
DA:434,115
DA:435,115
DA:436,115
DA:437,115
DA:438,115
DA:439,115
DA:440,115
DA:441,115
DA:442,115
DA:443,115
DA:444,115
DA:445,115
DA:446,115
DA:447,115
DA:448,115
DA:449,115
DA:450,115
DA:451,115
DA:452,115
DA:453,115
DA:454,115
DA:455,115
DA:456,115
DA:457,115
DA:458,115
DA:459,115
DA:460,115
DA:461,115
DA:462,115
DA:463,115
DA:464,115
DA:465,115
DA:466,115
DA:467,115
DA:468,115
DA:469,115
DA:470,115
DA:471,115
DA:472,115
DA:473,115
DA:474,115
DA:475,115
DA:476,115
DA:477,115
DA:478,115
DA:479,115
DA:480,115
DA:481,115
DA:482,115
DA:483,115
DA:484,115
DA:485,115
DA:486,115
DA:487,115
DA:488,115
DA:489,115
DA:490,115
DA:491,115
DA:492,115
DA:493,115
DA:494,115
DA:495,115
DA:496,115
DA:497,115
DA:498,115
DA:499,115
DA:500,115
DA:501,115
DA:502,115
DA:503,115
DA:504,115
DA:505,115
DA:506,115
DA:507,115
DA:508,115
DA:509,115
DA:510,115
DA:511,115
DA:512,115
DA:513,115
DA:514,115
DA:515,115
DA:516,115
DA:517,115
DA:518,115
DA:519,115
DA:520,115
DA:521,115
DA:522,115
DA:523,115
DA:524,115
DA:525,115
DA:526,115
DA:527,115
DA:528,115
DA:529,115
DA:530,115
DA:531,115
DA:532,115
DA:533,115
DA:534,115
DA:535,115
DA:536,115
DA:537,115
DA:538,115
DA:539,115
DA:540,115
DA:541,115
DA:542,115
DA:543,115
DA:544,115
DA:545,115
DA:546,115
DA:547,115
DA:548,115
DA:549,115
DA:550,115
DA:551,115
DA:552,115
DA:553,115
DA:554,115
DA:555,115
DA:556,115
DA:557,115
DA:558,115
DA:559,115
DA:560,115
DA:561,115
DA:562,115
DA:563,115
DA:564,115
DA:565,115
DA:566,115
DA:567,115
DA:568,115
DA:569,115
DA:570,115
DA:571,115
DA:572,115
DA:573,115
DA:574,115
DA:575,115
DA:576,115
DA:577,115
DA:578,115
DA:579,115
DA:580,115
DA:581,115
DA:582,115
DA:583,115
DA:584,115
DA:585,115
DA:586,115
DA:587,115
DA:588,115
DA:589,115
DA:590,115
DA:591,115
DA:592,115
DA:593,115
DA:594,115
DA:595,115
DA:596,115
DA:597,115
DA:598,115
DA:599,115
DA:600,115
DA:601,115
DA:602,115
DA:603,115
DA:604,115
DA:605,115
DA:606,115
DA:607,115
DA:608,115
DA:609,115
DA:610,115
DA:611,115
DA:612,115
DA:613,115
DA:614,115
DA:615,115
DA:616,115
DA:617,115
DA:618,115
DA:619,115
DA:620,115
DA:621,115
DA:622,115
DA:623,115
DA:624,115
DA:625,115
DA:626,115
DA:627,115
DA:628,115
DA:629,115
DA:630,115
DA:631,115
DA:632,115
DA:633,115
DA:634,115
DA:635,115
DA:636,115
DA:637,115
DA:638,115
DA:639,115
DA:640,115
DA:641,115
DA:642,115
DA:643,115
DA:644,115
DA:645,115
DA:646,115
DA:647,115
DA:648,115
DA:649,115
DA:650,115
DA:651,115
DA:652,115
DA:653,115
DA:654,115
DA:655,115
DA:656,115
DA:657,115
DA:658,115
DA:659,115
DA:660,115
DA:661,115
DA:662,115
DA:663,115
DA:664,115
DA:665,115
DA:666,115
DA:667,115
DA:668,115
DA:669,115
DA:670,115
DA:671,115
DA:672,115
DA:673,115
DA:674,115
DA:675,115
DA:676,115
DA:677,115
DA:678,115
DA:679,115
DA:680,115
DA:681,115
DA:682,115
DA:683,115
DA:684,115
DA:685,115
DA:686,115
DA:687,115
DA:688,115
DA:689,115
DA:690,115
DA:691,115
DA:692,115
DA:693,115
DA:694,115
DA:695,115
DA:696,115
DA:697,115
DA:698,115
DA:699,115
DA:730,115
DA:731,115
DA:732,115
DA:733,115
DA:734,115
DA:735,115
DA:736,115
DA:737,115
DA:738,115
DA:739,115
DA:740,115
DA:741,115
DA:742,115
DA:743,115
DA:744,115
DA:745,115
DA:746,115
DA:747,115
DA:748,115
DA:749,115
DA:750,115
DA:751,115
DA:752,115
DA:753,115
DA:754,115
DA:755,115
DA:756,115
DA:757,115
DA:758,115
DA:759,115
DA:760,115
DA:761,115
DA:762,115
DA:763,115
DA:764,115
DA:765,115
DA:766,115
DA:767,115
DA:768,115
DA:769,115
DA:770,115
DA:771,115
DA:772,115
DA:773,115
DA:774,115
DA:775,115
DA:776,115
DA:777,115
DA:778,115
DA:779,115
DA:780,115
DA:781,115
DA:782,115
DA:783,115
DA:784,115
DA:785,115
DA:786,115
DA:787,115
DA:788,115
DA:789,115
DA:790,115
DA:791,115
DA:792,115
DA:793,115
DA:794,115
DA:795,115
DA:796,115
DA:797,115
DA:798,115
DA:799,115
DA:800,115
DA:801,115
DA:802,115
DA:804,115
DA:806,115
DA:807,115
DA:808,115
DA:809,115
DA:810,115
DA:811,115
DA:812,115
DA:813,115
DA:814,115
DA:815,115
DA:816,115
DA:817,115
DA:818,115
DA:819,115
DA:820,115
DA:821,115
DA:822,115
DA:823,115
DA:824,115
DA:825,115
DA:826,115
DA:827,115
DA:828,115
DA:829,115
DA:830,115
DA:831,115
DA:832,115
DA:833,115
DA:834,115
DA:835,115
DA:836,115
DA:837,115
DA:838,115
DA:839,115
DA:840,115
DA:842,1
DA:844,89
DA:848,89
DA:849,89
DA:850,89
DA:851,89
DA:852,89
DA:853,89
DA:854,89
DA:855,89
DA:857,89
DA:858,89
DA:859,89
DA:860,89
DA:861,89
DA:862,89
DA:863,89
DA:864,89
DA:866,89
DA:867,89
DA:868,89
DA:869,89
DA:870,89
DA:871,89
DA:872,89
DA:873,89
DA:875,1
DA:876,39
DA:877,39
DA:878,78
DA:884,78
DA:887,1
DA:888,147
DA:889,147
DA:898,147
DA:900,1
DA:901,6
DA:902,6
DA:903,6
DA:904,6
DA:905,6
DA:906,6
DA:907,6
DA:908,6
DA:909,6
DA:910,6
DA:911,6
DA:912,6
DA:913,6
DA:914,6
DA:915,6
DA:917,1
DA:918,5
DA:919,5
DA:926,5
DA:927,5
DA:934,5
DA:936,1
DA:937,39
DA:938,39
DA:939,39
DA:940,39
DA:942,39
DA:943,78
DA:948,78
DA:951,39
DA:952,78
DA:958,78
DA:961,39
DA:962,117
DA:968,117
DA:971,39
DA:972,117
DA:977,117
DA:980,1
DA:981,5
DA:982,5
DA:987,5
DA:988,5
DA:993,5
DA:994,5
DA:1000,5
DA:1002,1
DA:1003,0
DA:1005,0
DA:1006,0
DA:1007,0
DA:1008,0
DA:1009,0
DA:1010,0
DA:1011,0
DA:1012,0
DA:1013,0
DA:1014,0
DA:1015,0
DA:1016,0
DA:1017,0
DA:1018,0
DA:1019,0
DA:1020,0
DA:1021,0
DA:1022,0
DA:1023,0
DA:1025,1
DA:1026,6
DA:1028,6
DA:1029,12
DA:1030,12
DA:1031,12
DA:1032,12
DA:1035,1
DA:1036,5
DA:1037,5
DA:1038,10
DA:1042,10
DA:1045,1
DA:1046,8
DA:1048,8
DA:1049,16
DA:1050,16
DA:1051,16
DA:1052,16
DA:1053,16
DA:1056,1
DA:1057,8
DA:1059,8
DA:1060,80
DA:1061,80
DA:1062,80
DA:1063,80
DA:1066,1
DA:1067,4
DA:1068,4
DA:1069,8
DA:1074,8
DA:1077,1
DA:1078,4
DA:1079,4
DA:1080,4
DA:1081,4
DA:1082,4
DA:1083,4
DA:1085,4
DA:1086,4
DA:1088,4
DA:1090,1
DA:1091,2
DA:1092,2
DA:1093,2
DA:1094,2
DA:1095,2
DA:1096,2
DA:1098,2
DA:1099,2
DA:1101,2
DA:1103,1
DA:1104,76
DA:1106,76
DA:1107,152
DA:1108,152
DA:1109,152
DA:1110,152
DA:1111,152
DA:1114,1
DA:1115,39
DA:1116,39
DA:1117,78
DA:1122,78
DA:1125,1
DA:1126,76
DA:1128,76
DA:1129,152
DA:1130,152
DA:1131,152
DA:1133,152
DA:1134,152
DA:1137,1
DA:1138,39
DA:1139,39
DA:1140,78
DA:1148,78
DA:1151,1
DA:1152,6
DA:1154,1
DA:1155,4
DA:1157,1
LF:864
LH:842
BRDA:54,0,0,81
BRDA:54,0,1,1
BRDA:59,1,0,6
BRDA:59,1,1,0
BRDA:64,2,0,271
BRDA:64,2,1,0
BRDA:69,3,0,85
BRDA:69,3,1,0
BRDA:74,4,0,6
BRDA:74,4,1,0
BRDA:79,5,0,96
BRDA:79,5,1,0
BRDA:84,6,0,6
BRDA:84,6,1,0
BRDA:89,7,0,12
BRDA:89,7,1,0
BRDA:94,8,0,6
BRDA:94,8,1,0
BRDA:99,9,0,94
BRDA:99,9,1,0
BRDA:104,10,0,6
BRDA:104,10,1,0
BRDA:109,11,0,3
BRDA:109,11,1,0
BRDA:116,12,0,118
BRDA:116,12,1,0
BRDA:121,13,0,6
BRDA:121,13,1,0
BRDA:126,14,0,108
BRDA:126,14,1,0
BRDA:131,15,0,6
BRDA:131,15,1,0
BRDA:136,16,0,78
BRDA:136,16,1,0
BRDA:141,17,0,6
BRDA:141,17,1,0
BRDA:146,18,0,16
BRDA:146,18,1,0
BRDA:151,19,0,29
BRDA:151,19,1,0
BRDA:156,20,0,66
BRDA:156,20,1,0
BRDA:161,21,0,8
BRDA:161,21,1,0
BRDA:166,22,0,8
BRDA:166,22,1,0
BRDA:171,23,0,6
BRDA:171,23,1,0
BRDA:176,24,0,0
BRDA:176,24,1,0
BRDA:181,25,0,8
BRDA:181,25,1,0
BRDA:186,26,0,4
BRDA:186,26,1,0
BRDA:191,27,0,2
BRDA:191,27,1,0
BRDA:199,28,0,2
BRDA:199,28,1,0
BRDA:204,29,0,2
BRDA:204,29,1,0
BRDA:209,30,0,6
BRDA:209,30,1,0
BRDA:1081,31,0,4
BRDA:1081,31,1,0
BRDA:1094,32,0,2
BRDA:1094,32,1,0
BRDA:1109,33,0,152
BRDA:1109,33,1,0
BRDA:1119,34,0,78
BRDA:1119,34,1,0
BRDA:1131,35,0,152
BRDA:1131,35,1,0
BRDA:1142,36,0,78
BRDA:1142,36,1,0
BRF:74
BRH:37
end_of_record
TN:
SF:D:\srccodes\git\achihui\src\testing\index.ts
FNF:0
FNH:0
DA:1,1
DA:2,1
DA:3,1
DA:4,1
DA:5,1
DA:7,1
LF:6
LH:6
BRF:0
BRH:0
end_of_record
TN:
SF:D:\srccodes\git\achihui\src\testing\router-link-directive-stub.ts
FN:7,(anonymous_2)
FN:3,RouterLinkDirectiveStub
FN:11,(anonymous_4)
FNF:3
FNH:2
FNDA:1,(anonymous_2)
FNDA:3,RouterLinkDirectiveStub
FNDA:0,(anonymous_4)
DA:1,1
DA:7,1
DA:8,1
DA:9,3
DA:11,1
DA:12,0
DA:14,1
LF:7
LH:6
BRF:0
BRH:0
end_of_record
TN:
SF:D:\srccodes\git\achihui\src\testing\translate-test-loader-factory.ts
FN:4,HttpLoaderTestFactory
FNF:1
FNH:1
FNDA:215,HttpLoaderTestFactory
DA:1,1
DA:4,1
DA:5,215
LF:3
LH:3
BRF:0
BRH:0
end_of_record
